{"C:\\Users\\USER\\Andela_homework\\conquext.github.io\\bankaapi\\test\\index.js":{"path":"C:\\Users\\USER\\Andela_homework\\conquext.github.io\\bankaapi\\test\\index.js","statementMap":{"0":{"start":{"line":3,"column":12},"end":{"line":3,"column":51}},"1":{"start":{"line":5,"column":16},"end":{"line":5,"column":60}},"2":{"start":{"line":7,"column":11},"end":{"line":7,"column":52}},"3":{"start":{"line":9,"column":39},"end":{"line":9,"column":95}},"4":{"start":{"line":12,"column":13},"end":{"line":12,"column":36}},"5":{"start":{"line":14,"column":0},"end":{"line":14,"column":43}},"6":{"start":{"line":16,"column":0},"end":{"line":16,"column":26}},"7":{"start":{"line":18,"column":17},"end":{"line":18,"column":26}},"8":{"start":{"line":19,"column":14},"end":{"line":19,"column":45}},"9":{"start":{"line":20,"column":19},"end":{"line":20,"column":55}},"10":{"start":{"line":21,"column":20},"end":{"line":21,"column":57}},"11":{"start":{"line":22,"column":17},"end":{"line":22,"column":51}},"12":{"start":{"line":23,"column":21},"end":{"line":23,"column":59}},"13":{"start":{"line":24,"column":16},"end":{"line":24,"column":18}},"14":{"start":{"line":25,"column":19},"end":{"line":25,"column":21}},"15":{"start":{"line":26,"column":17},"end":{"line":26,"column":19}},"16":{"start":{"line":27,"column":0},"end":{"line":41,"column":3}},"17":{"start":{"line":28,"column":24},"end":{"line":35,"column":3}},"18":{"start":{"line":37,"column":2},"end":{"line":40,"column":5}},"19":{"start":{"line":38,"column":4},"end":{"line":38,"column":36}},"20":{"start":{"line":39,"column":4},"end":{"line":39,"column":11}},"21":{"start":{"line":42,"column":0},"end":{"line":56,"column":3}},"22":{"start":{"line":43,"column":27},"end":{"line":50,"column":3}},"23":{"start":{"line":52,"column":2},"end":{"line":55,"column":5}},"24":{"start":{"line":53,"column":4},"end":{"line":53,"column":39}},"25":{"start":{"line":54,"column":4},"end":{"line":54,"column":11}},"26":{"start":{"line":57,"column":0},"end":{"line":71,"column":3}},"27":{"start":{"line":58,"column":25},"end":{"line":65,"column":3}},"28":{"start":{"line":67,"column":2},"end":{"line":70,"column":5}},"29":{"start":{"line":68,"column":4},"end":{"line":68,"column":37}},"30":{"start":{"line":69,"column":4},"end":{"line":69,"column":11}},"31":{"start":{"line":73,"column":0},"end":{"line":105,"column":3}},"32":{"start":{"line":75,"column":2},"end":{"line":80,"column":5}},"33":{"start":{"line":76,"column":4},"end":{"line":79,"column":7}},"34":{"start":{"line":77,"column":6},"end":{"line":77,"column":39}},"35":{"start":{"line":78,"column":6},"end":{"line":78,"column":13}},"36":{"start":{"line":81,"column":2},"end":{"line":88,"column":5}},"37":{"start":{"line":82,"column":4},"end":{"line":87,"column":7}},"38":{"start":{"line":83,"column":6},"end":{"line":83,"column":39}},"39":{"start":{"line":84,"column":6},"end":{"line":84,"column":51}},"40":{"start":{"line":85,"column":6},"end":{"line":85,"column":67}},"41":{"start":{"line":86,"column":6},"end":{"line":86,"column":13}},"42":{"start":{"line":90,"column":2},"end":{"line":95,"column":5}},"43":{"start":{"line":91,"column":4},"end":{"line":94,"column":7}},"44":{"start":{"line":92,"column":6},"end":{"line":92,"column":39}},"45":{"start":{"line":93,"column":6},"end":{"line":93,"column":13}},"46":{"start":{"line":97,"column":2},"end":{"line":104,"column":5}},"47":{"start":{"line":98,"column":4},"end":{"line":103,"column":7}},"48":{"start":{"line":101,"column":6},"end":{"line":101,"column":38}},"49":{"start":{"line":102,"column":6},"end":{"line":102,"column":13}},"50":{"start":{"line":107,"column":0},"end":{"line":122,"column":3}},"51":{"start":{"line":108,"column":2},"end":{"line":121,"column":5}},"52":{"start":{"line":109,"column":4},"end":{"line":120,"column":7}},"53":{"start":{"line":116,"column":6},"end":{"line":116,"column":38}},"54":{"start":{"line":117,"column":6},"end":{"line":117,"column":52}},"55":{"start":{"line":119,"column":6},"end":{"line":119,"column":13}},"56":{"start":{"line":123,"column":0},"end":{"line":139,"column":3}},"57":{"start":{"line":124,"column":2},"end":{"line":138,"column":5}},"58":{"start":{"line":125,"column":4},"end":{"line":137,"column":7}},"59":{"start":{"line":133,"column":6},"end":{"line":133,"column":38}},"60":{"start":{"line":134,"column":6},"end":{"line":134,"column":52}},"61":{"start":{"line":135,"column":6},"end":{"line":135,"column":64}},"62":{"start":{"line":136,"column":6},"end":{"line":136,"column":13}},"63":{"start":{"line":140,"column":0},"end":{"line":156,"column":3}},"64":{"start":{"line":141,"column":2},"end":{"line":155,"column":5}},"65":{"start":{"line":142,"column":4},"end":{"line":154,"column":7}},"66":{"start":{"line":150,"column":6},"end":{"line":150,"column":38}},"67":{"start":{"line":151,"column":6},"end":{"line":151,"column":52}},"68":{"start":{"line":152,"column":6},"end":{"line":152,"column":67}},"69":{"start":{"line":153,"column":6},"end":{"line":153,"column":13}},"70":{"start":{"line":157,"column":0},"end":{"line":173,"column":3}},"71":{"start":{"line":158,"column":2},"end":{"line":172,"column":5}},"72":{"start":{"line":159,"column":4},"end":{"line":171,"column":7}},"73":{"start":{"line":167,"column":6},"end":{"line":167,"column":38}},"74":{"start":{"line":168,"column":6},"end":{"line":168,"column":52}},"75":{"start":{"line":169,"column":6},"end":{"line":169,"column":93}},"76":{"start":{"line":170,"column":6},"end":{"line":170,"column":13}},"77":{"start":{"line":174,"column":0},"end":{"line":190,"column":3}},"78":{"start":{"line":175,"column":2},"end":{"line":189,"column":5}},"79":{"start":{"line":176,"column":4},"end":{"line":188,"column":7}},"80":{"start":{"line":184,"column":6},"end":{"line":184,"column":38}},"81":{"start":{"line":185,"column":6},"end":{"line":185,"column":52}},"82":{"start":{"line":186,"column":6},"end":{"line":186,"column":65}},"83":{"start":{"line":187,"column":6},"end":{"line":187,"column":13}},"84":{"start":{"line":191,"column":0},"end":{"line":207,"column":3}},"85":{"start":{"line":192,"column":2},"end":{"line":206,"column":5}},"86":{"start":{"line":193,"column":4},"end":{"line":205,"column":7}},"87":{"start":{"line":201,"column":6},"end":{"line":201,"column":38}},"88":{"start":{"line":202,"column":6},"end":{"line":202,"column":52}},"89":{"start":{"line":203,"column":6},"end":{"line":203,"column":65}},"90":{"start":{"line":204,"column":6},"end":{"line":204,"column":13}},"91":{"start":{"line":208,"column":0},"end":{"line":238,"column":3}},"92":{"start":{"line":209,"column":2},"end":{"line":223,"column":5}},"93":{"start":{"line":210,"column":4},"end":{"line":222,"column":7}},"94":{"start":{"line":218,"column":6},"end":{"line":218,"column":38}},"95":{"start":{"line":219,"column":6},"end":{"line":219,"column":52}},"96":{"start":{"line":220,"column":6},"end":{"line":220,"column":61}},"97":{"start":{"line":221,"column":6},"end":{"line":221,"column":13}},"98":{"start":{"line":224,"column":2},"end":{"line":237,"column":5}},"99":{"start":{"line":225,"column":4},"end":{"line":236,"column":7}},"100":{"start":{"line":232,"column":6},"end":{"line":232,"column":38}},"101":{"start":{"line":233,"column":6},"end":{"line":233,"column":52}},"102":{"start":{"line":234,"column":6},"end":{"line":234,"column":62}},"103":{"start":{"line":235,"column":6},"end":{"line":235,"column":13}},"104":{"start":{"line":239,"column":0},"end":{"line":256,"column":3}},"105":{"start":{"line":240,"column":2},"end":{"line":255,"column":5}},"106":{"start":{"line":241,"column":4},"end":{"line":254,"column":7}},"107":{"start":{"line":249,"column":6},"end":{"line":249,"column":38}},"108":{"start":{"line":250,"column":6},"end":{"line":250,"column":51}},"109":{"start":{"line":251,"column":6},"end":{"line":251,"column":108}},"110":{"start":{"line":253,"column":6},"end":{"line":253,"column":13}},"111":{"start":{"line":258,"column":0},"end":{"line":270,"column":3}},"112":{"start":{"line":259,"column":2},"end":{"line":269,"column":5}},"113":{"start":{"line":260,"column":4},"end":{"line":268,"column":7}},"114":{"start":{"line":264,"column":6},"end":{"line":264,"column":38}},"115":{"start":{"line":265,"column":6},"end":{"line":265,"column":52}},"116":{"start":{"line":266,"column":6},"end":{"line":266,"column":78}},"117":{"start":{"line":267,"column":6},"end":{"line":267,"column":13}},"118":{"start":{"line":271,"column":0},"end":{"line":283,"column":3}},"119":{"start":{"line":272,"column":2},"end":{"line":282,"column":5}},"120":{"start":{"line":273,"column":4},"end":{"line":281,"column":7}},"121":{"start":{"line":277,"column":6},"end":{"line":277,"column":38}},"122":{"start":{"line":278,"column":6},"end":{"line":278,"column":52}},"123":{"start":{"line":279,"column":6},"end":{"line":279,"column":78}},"124":{"start":{"line":280,"column":6},"end":{"line":280,"column":13}},"125":{"start":{"line":284,"column":0},"end":{"line":296,"column":3}},"126":{"start":{"line":285,"column":2},"end":{"line":295,"column":5}},"127":{"start":{"line":286,"column":4},"end":{"line":294,"column":7}},"128":{"start":{"line":290,"column":6},"end":{"line":290,"column":38}},"129":{"start":{"line":291,"column":6},"end":{"line":291,"column":52}},"130":{"start":{"line":292,"column":6},"end":{"line":292,"column":62}},"131":{"start":{"line":293,"column":6},"end":{"line":293,"column":13}},"132":{"start":{"line":297,"column":0},"end":{"line":309,"column":3}},"133":{"start":{"line":298,"column":2},"end":{"line":308,"column":5}},"134":{"start":{"line":299,"column":4},"end":{"line":307,"column":7}},"135":{"start":{"line":303,"column":6},"end":{"line":303,"column":38}},"136":{"start":{"line":304,"column":6},"end":{"line":304,"column":52}},"137":{"start":{"line":305,"column":6},"end":{"line":305,"column":61}},"138":{"start":{"line":306,"column":6},"end":{"line":306,"column":13}},"139":{"start":{"line":310,"column":0},"end":{"line":322,"column":3}},"140":{"start":{"line":311,"column":2},"end":{"line":321,"column":5}},"141":{"start":{"line":312,"column":4},"end":{"line":320,"column":7}},"142":{"start":{"line":316,"column":6},"end":{"line":316,"column":38}},"143":{"start":{"line":317,"column":6},"end":{"line":317,"column":52}},"144":{"start":{"line":318,"column":6},"end":{"line":318,"column":65}},"145":{"start":{"line":319,"column":6},"end":{"line":319,"column":13}},"146":{"start":{"line":323,"column":0},"end":{"line":335,"column":3}},"147":{"start":{"line":324,"column":2},"end":{"line":334,"column":5}},"148":{"start":{"line":325,"column":4},"end":{"line":333,"column":7}},"149":{"start":{"line":329,"column":6},"end":{"line":329,"column":38}},"150":{"start":{"line":330,"column":6},"end":{"line":330,"column":51}},"151":{"start":{"line":332,"column":6},"end":{"line":332,"column":13}},"152":{"start":{"line":337,"column":0},"end":{"line":383,"column":3}},"153":{"start":{"line":338,"column":2},"end":{"line":346,"column":5}},"154":{"start":{"line":339,"column":4},"end":{"line":345,"column":7}},"155":{"start":{"line":340,"column":6},"end":{"line":340,"column":38}},"156":{"start":{"line":341,"column":6},"end":{"line":341,"column":52}},"157":{"start":{"line":342,"column":6},"end":{"line":342,"column":73}},"158":{"start":{"line":344,"column":6},"end":{"line":344,"column":13}},"159":{"start":{"line":347,"column":2},"end":{"line":355,"column":5}},"160":{"start":{"line":348,"column":4},"end":{"line":354,"column":7}},"161":{"start":{"line":349,"column":6},"end":{"line":349,"column":38}},"162":{"start":{"line":350,"column":6},"end":{"line":350,"column":52}},"163":{"start":{"line":351,"column":6},"end":{"line":351,"column":85}},"164":{"start":{"line":353,"column":6},"end":{"line":353,"column":13}},"165":{"start":{"line":356,"column":2},"end":{"line":364,"column":5}},"166":{"start":{"line":357,"column":4},"end":{"line":363,"column":7}},"167":{"start":{"line":358,"column":6},"end":{"line":358,"column":38}},"168":{"start":{"line":359,"column":6},"end":{"line":359,"column":51}},"169":{"start":{"line":360,"column":6},"end":{"line":360,"column":75}},"170":{"start":{"line":362,"column":6},"end":{"line":362,"column":13}},"171":{"start":{"line":365,"column":2},"end":{"line":373,"column":5}},"172":{"start":{"line":366,"column":4},"end":{"line":372,"column":7}},"173":{"start":{"line":367,"column":6},"end":{"line":367,"column":38}},"174":{"start":{"line":368,"column":6},"end":{"line":368,"column":51}},"175":{"start":{"line":369,"column":6},"end":{"line":369,"column":75}},"176":{"start":{"line":371,"column":6},"end":{"line":371,"column":13}},"177":{"start":{"line":374,"column":2},"end":{"line":382,"column":5}},"178":{"start":{"line":375,"column":4},"end":{"line":381,"column":7}},"179":{"start":{"line":376,"column":6},"end":{"line":376,"column":38}},"180":{"start":{"line":377,"column":6},"end":{"line":377,"column":52}},"181":{"start":{"line":378,"column":6},"end":{"line":378,"column":57}},"182":{"start":{"line":380,"column":6},"end":{"line":380,"column":13}},"183":{"start":{"line":384,"column":0},"end":{"line":420,"column":3}},"184":{"start":{"line":385,"column":2},"end":{"line":393,"column":5}},"185":{"start":{"line":386,"column":4},"end":{"line":392,"column":7}},"186":{"start":{"line":387,"column":6},"end":{"line":387,"column":38}},"187":{"start":{"line":388,"column":6},"end":{"line":388,"column":51}},"188":{"start":{"line":389,"column":6},"end":{"line":389,"column":74}},"189":{"start":{"line":391,"column":6},"end":{"line":391,"column":13}},"190":{"start":{"line":394,"column":2},"end":{"line":402,"column":5}},"191":{"start":{"line":395,"column":4},"end":{"line":401,"column":7}},"192":{"start":{"line":396,"column":6},"end":{"line":396,"column":38}},"193":{"start":{"line":397,"column":6},"end":{"line":397,"column":51}},"194":{"start":{"line":398,"column":6},"end":{"line":398,"column":74}},"195":{"start":{"line":400,"column":6},"end":{"line":400,"column":13}},"196":{"start":{"line":403,"column":2},"end":{"line":411,"column":5}},"197":{"start":{"line":404,"column":4},"end":{"line":410,"column":7}},"198":{"start":{"line":405,"column":6},"end":{"line":405,"column":38}},"199":{"start":{"line":406,"column":6},"end":{"line":406,"column":52}},"200":{"start":{"line":407,"column":6},"end":{"line":407,"column":57}},"201":{"start":{"line":409,"column":6},"end":{"line":409,"column":13}},"202":{"start":{"line":412,"column":2},"end":{"line":419,"column":5}},"203":{"start":{"line":413,"column":4},"end":{"line":418,"column":7}},"204":{"start":{"line":414,"column":6},"end":{"line":414,"column":38}},"205":{"start":{"line":415,"column":6},"end":{"line":415,"column":51}},"206":{"start":{"line":417,"column":6},"end":{"line":417,"column":13}},"207":{"start":{"line":421,"column":0},"end":{"line":488,"column":3}},"208":{"start":{"line":422,"column":2},"end":{"line":432,"column":5}},"209":{"start":{"line":423,"column":4},"end":{"line":431,"column":7}},"210":{"start":{"line":426,"column":6},"end":{"line":426,"column":38}},"211":{"start":{"line":427,"column":6},"end":{"line":427,"column":51}},"212":{"start":{"line":428,"column":6},"end":{"line":428,"column":72}},"213":{"start":{"line":430,"column":6},"end":{"line":430,"column":13}},"214":{"start":{"line":433,"column":2},"end":{"line":443,"column":5}},"215":{"start":{"line":434,"column":4},"end":{"line":442,"column":7}},"216":{"start":{"line":437,"column":6},"end":{"line":437,"column":38}},"217":{"start":{"line":438,"column":6},"end":{"line":438,"column":52}},"218":{"start":{"line":439,"column":6},"end":{"line":439,"column":70}},"219":{"start":{"line":441,"column":6},"end":{"line":441,"column":13}},"220":{"start":{"line":444,"column":2},"end":{"line":454,"column":5}},"221":{"start":{"line":445,"column":4},"end":{"line":453,"column":7}},"222":{"start":{"line":448,"column":6},"end":{"line":448,"column":38}},"223":{"start":{"line":449,"column":6},"end":{"line":449,"column":52}},"224":{"start":{"line":450,"column":6},"end":{"line":450,"column":59}},"225":{"start":{"line":452,"column":6},"end":{"line":452,"column":13}},"226":{"start":{"line":455,"column":2},"end":{"line":465,"column":5}},"227":{"start":{"line":456,"column":4},"end":{"line":464,"column":7}},"228":{"start":{"line":459,"column":6},"end":{"line":459,"column":38}},"229":{"start":{"line":460,"column":6},"end":{"line":460,"column":52}},"230":{"start":{"line":461,"column":6},"end":{"line":461,"column":57}},"231":{"start":{"line":463,"column":6},"end":{"line":463,"column":13}},"232":{"start":{"line":466,"column":2},"end":{"line":476,"column":5}},"233":{"start":{"line":467,"column":4},"end":{"line":475,"column":7}},"234":{"start":{"line":470,"column":6},"end":{"line":470,"column":38}},"235":{"start":{"line":471,"column":6},"end":{"line":471,"column":52}},"236":{"start":{"line":472,"column":6},"end":{"line":472,"column":57}},"237":{"start":{"line":474,"column":6},"end":{"line":474,"column":13}},"238":{"start":{"line":477,"column":2},"end":{"line":487,"column":5}},"239":{"start":{"line":478,"column":4},"end":{"line":486,"column":7}},"240":{"start":{"line":481,"column":6},"end":{"line":481,"column":38}},"241":{"start":{"line":482,"column":6},"end":{"line":482,"column":51}},"242":{"start":{"line":483,"column":6},"end":{"line":483,"column":72}},"243":{"start":{"line":485,"column":6},"end":{"line":485,"column":13}},"244":{"start":{"line":489,"column":0},"end":{"line":534,"column":3}},"245":{"start":{"line":490,"column":2},"end":{"line":500,"column":5}},"246":{"start":{"line":491,"column":4},"end":{"line":499,"column":7}},"247":{"start":{"line":494,"column":6},"end":{"line":494,"column":38}},"248":{"start":{"line":495,"column":6},"end":{"line":495,"column":51}},"249":{"start":{"line":496,"column":6},"end":{"line":496,"column":73}},"250":{"start":{"line":498,"column":6},"end":{"line":498,"column":13}},"251":{"start":{"line":501,"column":2},"end":{"line":511,"column":5}},"252":{"start":{"line":502,"column":4},"end":{"line":510,"column":7}},"253":{"start":{"line":505,"column":6},"end":{"line":505,"column":38}},"254":{"start":{"line":506,"column":6},"end":{"line":506,"column":52}},"255":{"start":{"line":507,"column":6},"end":{"line":507,"column":59}},"256":{"start":{"line":509,"column":6},"end":{"line":509,"column":13}},"257":{"start":{"line":512,"column":2},"end":{"line":522,"column":5}},"258":{"start":{"line":513,"column":4},"end":{"line":521,"column":7}},"259":{"start":{"line":516,"column":6},"end":{"line":516,"column":38}},"260":{"start":{"line":517,"column":6},"end":{"line":517,"column":52}},"261":{"start":{"line":518,"column":6},"end":{"line":518,"column":57}},"262":{"start":{"line":520,"column":6},"end":{"line":520,"column":13}},"263":{"start":{"line":523,"column":2},"end":{"line":533,"column":5}},"264":{"start":{"line":524,"column":4},"end":{"line":532,"column":7}},"265":{"start":{"line":527,"column":6},"end":{"line":527,"column":38}},"266":{"start":{"line":528,"column":6},"end":{"line":528,"column":52}},"267":{"start":{"line":529,"column":6},"end":{"line":529,"column":57}},"268":{"start":{"line":531,"column":6},"end":{"line":531,"column":13}},"269":{"start":{"line":535,"column":0},"end":{"line":574,"column":3}},"270":{"start":{"line":536,"column":2},"end":{"line":544,"column":5}},"271":{"start":{"line":537,"column":4},"end":{"line":543,"column":7}},"272":{"start":{"line":538,"column":6},"end":{"line":538,"column":38}},"273":{"start":{"line":539,"column":6},"end":{"line":539,"column":51}},"274":{"start":{"line":540,"column":6},"end":{"line":540,"column":72}},"275":{"start":{"line":542,"column":6},"end":{"line":542,"column":13}},"276":{"start":{"line":545,"column":2},"end":{"line":555,"column":5}},"277":{"start":{"line":546,"column":4},"end":{"line":554,"column":7}},"278":{"start":{"line":549,"column":6},"end":{"line":549,"column":38}},"279":{"start":{"line":550,"column":6},"end":{"line":550,"column":52}},"280":{"start":{"line":551,"column":6},"end":{"line":551,"column":59}},"281":{"start":{"line":553,"column":6},"end":{"line":553,"column":13}},"282":{"start":{"line":556,"column":2},"end":{"line":564,"column":5}},"283":{"start":{"line":557,"column":4},"end":{"line":563,"column":7}},"284":{"start":{"line":558,"column":6},"end":{"line":558,"column":38}},"285":{"start":{"line":559,"column":6},"end":{"line":559,"column":52}},"286":{"start":{"line":560,"column":6},"end":{"line":560,"column":57}},"287":{"start":{"line":562,"column":6},"end":{"line":562,"column":13}},"288":{"start":{"line":565,"column":2},"end":{"line":573,"column":5}},"289":{"start":{"line":566,"column":4},"end":{"line":572,"column":7}},"290":{"start":{"line":567,"column":6},"end":{"line":567,"column":38}},"291":{"start":{"line":568,"column":6},"end":{"line":568,"column":52}},"292":{"start":{"line":569,"column":6},"end":{"line":569,"column":57}},"293":{"start":{"line":571,"column":6},"end":{"line":571,"column":13}},"294":{"start":{"line":576,"column":0},"end":{"line":611,"column":3}},"295":{"start":{"line":577,"column":2},"end":{"line":588,"column":5}},"296":{"start":{"line":578,"column":4},"end":{"line":587,"column":7}},"297":{"start":{"line":582,"column":6},"end":{"line":582,"column":38}},"298":{"start":{"line":583,"column":6},"end":{"line":583,"column":51}},"299":{"start":{"line":584,"column":6},"end":{"line":584,"column":78}},"300":{"start":{"line":585,"column":6},"end":{"line":585,"column":150}},"301":{"start":{"line":586,"column":6},"end":{"line":586,"column":13}},"302":{"start":{"line":589,"column":2},"end":{"line":600,"column":5}},"303":{"start":{"line":590,"column":4},"end":{"line":599,"column":7}},"304":{"start":{"line":594,"column":6},"end":{"line":594,"column":38}},"305":{"start":{"line":595,"column":6},"end":{"line":595,"column":52}},"306":{"start":{"line":596,"column":6},"end":{"line":596,"column":57}},"307":{"start":{"line":598,"column":6},"end":{"line":598,"column":13}},"308":{"start":{"line":601,"column":2},"end":{"line":610,"column":5}},"309":{"start":{"line":602,"column":4},"end":{"line":609,"column":7}},"310":{"start":{"line":605,"column":6},"end":{"line":605,"column":38}},"311":{"start":{"line":606,"column":6},"end":{"line":606,"column":52}},"312":{"start":{"line":607,"column":6},"end":{"line":607,"column":72}},"313":{"start":{"line":608,"column":6},"end":{"line":608,"column":13}},"314":{"start":{"line":612,"column":0},"end":{"line":629,"column":3}},"315":{"start":{"line":613,"column":2},"end":{"line":620,"column":5}},"316":{"start":{"line":614,"column":4},"end":{"line":619,"column":7}},"317":{"start":{"line":615,"column":6},"end":{"line":615,"column":38}},"318":{"start":{"line":616,"column":6},"end":{"line":616,"column":52}},"319":{"start":{"line":617,"column":6},"end":{"line":617,"column":57}},"320":{"start":{"line":618,"column":6},"end":{"line":618,"column":13}},"321":{"start":{"line":621,"column":2},"end":{"line":628,"column":5}},"322":{"start":{"line":622,"column":4},"end":{"line":627,"column":7}},"323":{"start":{"line":623,"column":6},"end":{"line":623,"column":38}},"324":{"start":{"line":624,"column":6},"end":{"line":624,"column":51}},"325":{"start":{"line":625,"column":6},"end":{"line":625,"column":78}},"326":{"start":{"line":626,"column":6},"end":{"line":626,"column":13}},"327":{"start":{"line":630,"column":0},"end":{"line":690,"column":3}},"328":{"start":{"line":631,"column":2},"end":{"line":639,"column":5}},"329":{"start":{"line":632,"column":4},"end":{"line":638,"column":7}},"330":{"start":{"line":635,"column":6},"end":{"line":635,"column":38}},"331":{"start":{"line":636,"column":6},"end":{"line":636,"column":51}},"332":{"start":{"line":637,"column":6},"end":{"line":637,"column":13}},"333":{"start":{"line":640,"column":2},"end":{"line":649,"column":5}},"334":{"start":{"line":641,"column":4},"end":{"line":648,"column":7}},"335":{"start":{"line":644,"column":6},"end":{"line":644,"column":38}},"336":{"start":{"line":645,"column":6},"end":{"line":645,"column":52}},"337":{"start":{"line":646,"column":6},"end":{"line":646,"column":73}},"338":{"start":{"line":647,"column":6},"end":{"line":647,"column":13}},"339":{"start":{"line":650,"column":2},"end":{"line":659,"column":5}},"340":{"start":{"line":651,"column":4},"end":{"line":658,"column":7}},"341":{"start":{"line":654,"column":6},"end":{"line":654,"column":38}},"342":{"start":{"line":655,"column":6},"end":{"line":655,"column":52}},"343":{"start":{"line":656,"column":6},"end":{"line":656,"column":75}},"344":{"start":{"line":657,"column":6},"end":{"line":657,"column":13}},"345":{"start":{"line":660,"column":2},"end":{"line":669,"column":5}},"346":{"start":{"line":661,"column":4},"end":{"line":668,"column":7}},"347":{"start":{"line":664,"column":6},"end":{"line":664,"column":38}},"348":{"start":{"line":665,"column":6},"end":{"line":665,"column":52}},"349":{"start":{"line":666,"column":6},"end":{"line":666,"column":89}},"350":{"start":{"line":667,"column":6},"end":{"line":667,"column":13}},"351":{"start":{"line":670,"column":2},"end":{"line":679,"column":5}},"352":{"start":{"line":671,"column":4},"end":{"line":678,"column":7}},"353":{"start":{"line":674,"column":6},"end":{"line":674,"column":38}},"354":{"start":{"line":675,"column":6},"end":{"line":675,"column":52}},"355":{"start":{"line":676,"column":6},"end":{"line":676,"column":57}},"356":{"start":{"line":677,"column":6},"end":{"line":677,"column":13}},"357":{"start":{"line":680,"column":2},"end":{"line":689,"column":5}},"358":{"start":{"line":681,"column":4},"end":{"line":688,"column":7}},"359":{"start":{"line":684,"column":6},"end":{"line":684,"column":38}},"360":{"start":{"line":685,"column":6},"end":{"line":685,"column":52}},"361":{"start":{"line":686,"column":6},"end":{"line":686,"column":62}},"362":{"start":{"line":687,"column":6},"end":{"line":687,"column":13}},"363":{"start":{"line":691,"column":0},"end":{"line":708,"column":3}},"364":{"start":{"line":692,"column":2},"end":{"line":699,"column":5}},"365":{"start":{"line":693,"column":4},"end":{"line":698,"column":7}},"366":{"start":{"line":694,"column":6},"end":{"line":694,"column":38}},"367":{"start":{"line":695,"column":6},"end":{"line":695,"column":52}},"368":{"start":{"line":696,"column":6},"end":{"line":696,"column":62}},"369":{"start":{"line":697,"column":6},"end":{"line":697,"column":13}},"370":{"start":{"line":701,"column":2},"end":{"line":707,"column":5}},"371":{"start":{"line":702,"column":4},"end":{"line":706,"column":7}},"372":{"start":{"line":703,"column":6},"end":{"line":703,"column":38}},"373":{"start":{"line":704,"column":6},"end":{"line":704,"column":51}},"374":{"start":{"line":705,"column":6},"end":{"line":705,"column":13}},"375":{"start":{"line":709,"column":0},"end":{"line":718,"column":3}},"376":{"start":{"line":710,"column":2},"end":{"line":717,"column":5}},"377":{"start":{"line":711,"column":4},"end":{"line":716,"column":7}},"378":{"start":{"line":712,"column":6},"end":{"line":712,"column":38}},"379":{"start":{"line":713,"column":6},"end":{"line":713,"column":51}},"380":{"start":{"line":714,"column":6},"end":{"line":714,"column":78}},"381":{"start":{"line":715,"column":6},"end":{"line":715,"column":13}},"382":{"start":{"line":719,"column":0},"end":{"line":728,"column":3}},"383":{"start":{"line":720,"column":2},"end":{"line":727,"column":5}},"384":{"start":{"line":721,"column":4},"end":{"line":726,"column":7}},"385":{"start":{"line":722,"column":6},"end":{"line":722,"column":38}},"386":{"start":{"line":723,"column":6},"end":{"line":723,"column":51}},"387":{"start":{"line":724,"column":6},"end":{"line":724,"column":77}},"388":{"start":{"line":725,"column":6},"end":{"line":725,"column":13}},"389":{"start":{"line":729,"column":0},"end":{"line":738,"column":3}},"390":{"start":{"line":730,"column":2},"end":{"line":737,"column":5}},"391":{"start":{"line":731,"column":4},"end":{"line":736,"column":7}},"392":{"start":{"line":732,"column":6},"end":{"line":732,"column":38}},"393":{"start":{"line":733,"column":6},"end":{"line":733,"column":51}},"394":{"start":{"line":734,"column":6},"end":{"line":734,"column":77}},"395":{"start":{"line":735,"column":6},"end":{"line":735,"column":13}},"396":{"start":{"line":739,"column":0},"end":{"line":748,"column":3}},"397":{"start":{"line":740,"column":2},"end":{"line":747,"column":5}},"398":{"start":{"line":741,"column":4},"end":{"line":746,"column":7}},"399":{"start":{"line":742,"column":6},"end":{"line":742,"column":38}},"400":{"start":{"line":743,"column":6},"end":{"line":743,"column":52}},"401":{"start":{"line":744,"column":6},"end":{"line":744,"column":57}},"402":{"start":{"line":745,"column":6},"end":{"line":745,"column":13}},"403":{"start":{"line":749,"column":0},"end":{"line":758,"column":3}},"404":{"start":{"line":750,"column":2},"end":{"line":757,"column":5}},"405":{"start":{"line":751,"column":4},"end":{"line":756,"column":7}},"406":{"start":{"line":752,"column":6},"end":{"line":752,"column":38}},"407":{"start":{"line":753,"column":6},"end":{"line":753,"column":52}},"408":{"start":{"line":754,"column":6},"end":{"line":754,"column":57}},"409":{"start":{"line":755,"column":6},"end":{"line":755,"column":13}},"410":{"start":{"line":759,"column":0},"end":{"line":795,"column":3}},"411":{"start":{"line":760,"column":2},"end":{"line":767,"column":5}},"412":{"start":{"line":761,"column":4},"end":{"line":766,"column":7}},"413":{"start":{"line":762,"column":6},"end":{"line":762,"column":38}},"414":{"start":{"line":763,"column":6},"end":{"line":763,"column":52}},"415":{"start":{"line":764,"column":6},"end":{"line":764,"column":62}},"416":{"start":{"line":765,"column":6},"end":{"line":765,"column":13}},"417":{"start":{"line":769,"column":2},"end":{"line":776,"column":5}},"418":{"start":{"line":770,"column":4},"end":{"line":775,"column":7}},"419":{"start":{"line":771,"column":6},"end":{"line":771,"column":38}},"420":{"start":{"line":772,"column":6},"end":{"line":772,"column":51}},"421":{"start":{"line":773,"column":6},"end":{"line":773,"column":75}},"422":{"start":{"line":774,"column":6},"end":{"line":774,"column":13}},"423":{"start":{"line":778,"column":2},"end":{"line":785,"column":5}},"424":{"start":{"line":779,"column":4},"end":{"line":784,"column":7}},"425":{"start":{"line":780,"column":6},"end":{"line":780,"column":38}},"426":{"start":{"line":781,"column":6},"end":{"line":781,"column":52}},"427":{"start":{"line":782,"column":6},"end":{"line":782,"column":57}},"428":{"start":{"line":783,"column":6},"end":{"line":783,"column":13}},"429":{"start":{"line":787,"column":2},"end":{"line":794,"column":5}},"430":{"start":{"line":788,"column":4},"end":{"line":793,"column":7}},"431":{"start":{"line":789,"column":6},"end":{"line":789,"column":38}},"432":{"start":{"line":790,"column":6},"end":{"line":790,"column":52}},"433":{"start":{"line":791,"column":6},"end":{"line":791,"column":57}},"434":{"start":{"line":792,"column":6},"end":{"line":792,"column":13}},"435":{"start":{"line":797,"column":0},"end":{"line":810,"column":3}},"436":{"start":{"line":798,"column":2},"end":{"line":809,"column":5}},"437":{"start":{"line":799,"column":4},"end":{"line":808,"column":7}},"438":{"start":{"line":804,"column":6},"end":{"line":804,"column":38}},"439":{"start":{"line":805,"column":6},"end":{"line":805,"column":52}},"440":{"start":{"line":806,"column":6},"end":{"line":806,"column":65}},"441":{"start":{"line":807,"column":6},"end":{"line":807,"column":13}},"442":{"start":{"line":811,"column":0},"end":{"line":824,"column":3}},"443":{"start":{"line":812,"column":2},"end":{"line":823,"column":5}},"444":{"start":{"line":813,"column":4},"end":{"line":822,"column":7}},"445":{"start":{"line":818,"column":6},"end":{"line":818,"column":38}},"446":{"start":{"line":819,"column":6},"end":{"line":819,"column":52}},"447":{"start":{"line":820,"column":6},"end":{"line":820,"column":62}},"448":{"start":{"line":821,"column":6},"end":{"line":821,"column":13}},"449":{"start":{"line":825,"column":0},"end":{"line":947,"column":3}},"450":{"start":{"line":826,"column":2},"end":{"line":837,"column":5}},"451":{"start":{"line":827,"column":4},"end":{"line":836,"column":7}},"452":{"start":{"line":832,"column":6},"end":{"line":832,"column":38}},"453":{"start":{"line":833,"column":6},"end":{"line":833,"column":52}},"454":{"start":{"line":834,"column":6},"end":{"line":834,"column":57}},"455":{"start":{"line":835,"column":6},"end":{"line":835,"column":13}},"456":{"start":{"line":839,"column":2},"end":{"line":850,"column":5}},"457":{"start":{"line":840,"column":4},"end":{"line":849,"column":7}},"458":{"start":{"line":845,"column":6},"end":{"line":845,"column":38}},"459":{"start":{"line":846,"column":6},"end":{"line":846,"column":52}},"460":{"start":{"line":847,"column":6},"end":{"line":847,"column":57}},"461":{"start":{"line":848,"column":6},"end":{"line":848,"column":13}},"462":{"start":{"line":852,"column":2},"end":{"line":863,"column":5}},"463":{"start":{"line":853,"column":4},"end":{"line":862,"column":7}},"464":{"start":{"line":858,"column":6},"end":{"line":858,"column":38}},"465":{"start":{"line":859,"column":6},"end":{"line":859,"column":51}},"466":{"start":{"line":860,"column":6},"end":{"line":860,"column":78}},"467":{"start":{"line":861,"column":6},"end":{"line":861,"column":13}},"468":{"start":{"line":865,"column":2},"end":{"line":876,"column":5}},"469":{"start":{"line":866,"column":4},"end":{"line":875,"column":7}},"470":{"start":{"line":871,"column":6},"end":{"line":871,"column":38}},"471":{"start":{"line":872,"column":6},"end":{"line":872,"column":51}},"472":{"start":{"line":873,"column":6},"end":{"line":873,"column":79}},"473":{"start":{"line":874,"column":6},"end":{"line":874,"column":13}},"474":{"start":{"line":877,"column":2},"end":{"line":888,"column":5}},"475":{"start":{"line":878,"column":4},"end":{"line":887,"column":7}},"476":{"start":{"line":883,"column":6},"end":{"line":883,"column":38}},"477":{"start":{"line":884,"column":6},"end":{"line":884,"column":52}},"478":{"start":{"line":885,"column":6},"end":{"line":885,"column":74}},"479":{"start":{"line":886,"column":6},"end":{"line":886,"column":13}},"480":{"start":{"line":889,"column":2},"end":{"line":900,"column":5}},"481":{"start":{"line":890,"column":4},"end":{"line":899,"column":7}},"482":{"start":{"line":895,"column":6},"end":{"line":895,"column":38}},"483":{"start":{"line":896,"column":6},"end":{"line":896,"column":52}},"484":{"start":{"line":897,"column":6},"end":{"line":897,"column":73}},"485":{"start":{"line":898,"column":6},"end":{"line":898,"column":13}},"486":{"start":{"line":901,"column":2},"end":{"line":911,"column":5}},"487":{"start":{"line":902,"column":4},"end":{"line":910,"column":7}},"488":{"start":{"line":906,"column":6},"end":{"line":906,"column":38}},"489":{"start":{"line":907,"column":6},"end":{"line":907,"column":52}},"490":{"start":{"line":908,"column":6},"end":{"line":908,"column":59}},"491":{"start":{"line":909,"column":6},"end":{"line":909,"column":13}},"492":{"start":{"line":912,"column":2},"end":{"line":922,"column":5}},"493":{"start":{"line":913,"column":4},"end":{"line":921,"column":7}},"494":{"start":{"line":917,"column":6},"end":{"line":917,"column":38}},"495":{"start":{"line":918,"column":6},"end":{"line":918,"column":52}},"496":{"start":{"line":919,"column":6},"end":{"line":919,"column":71}},"497":{"start":{"line":920,"column":6},"end":{"line":920,"column":13}},"498":{"start":{"line":923,"column":2},"end":{"line":934,"column":5}},"499":{"start":{"line":924,"column":4},"end":{"line":933,"column":7}},"500":{"start":{"line":929,"column":6},"end":{"line":929,"column":38}},"501":{"start":{"line":930,"column":6},"end":{"line":930,"column":52}},"502":{"start":{"line":931,"column":6},"end":{"line":931,"column":80}},"503":{"start":{"line":932,"column":6},"end":{"line":932,"column":13}},"504":{"start":{"line":935,"column":2},"end":{"line":946,"column":5}},"505":{"start":{"line":936,"column":4},"end":{"line":945,"column":7}},"506":{"start":{"line":941,"column":6},"end":{"line":941,"column":38}},"507":{"start":{"line":942,"column":6},"end":{"line":942,"column":52}},"508":{"start":{"line":943,"column":6},"end":{"line":943,"column":65}},"509":{"start":{"line":944,"column":6},"end":{"line":944,"column":13}},"510":{"start":{"line":948,"column":0},"end":{"line":986,"column":3}},"511":{"start":{"line":949,"column":2},"end":{"line":956,"column":5}},"512":{"start":{"line":950,"column":4},"end":{"line":955,"column":7}},"513":{"start":{"line":951,"column":6},"end":{"line":951,"column":38}},"514":{"start":{"line":952,"column":6},"end":{"line":952,"column":52}},"515":{"start":{"line":953,"column":6},"end":{"line":953,"column":57}},"516":{"start":{"line":954,"column":6},"end":{"line":954,"column":13}},"517":{"start":{"line":957,"column":2},"end":{"line":968,"column":5}},"518":{"start":{"line":958,"column":4},"end":{"line":967,"column":7}},"519":{"start":{"line":959,"column":6},"end":{"line":959,"column":38}},"520":{"start":{"line":960,"column":6},"end":{"line":960,"column":51}},"521":{"start":{"line":966,"column":6},"end":{"line":966,"column":13}},"522":{"start":{"line":970,"column":2},"end":{"line":977,"column":5}},"523":{"start":{"line":971,"column":4},"end":{"line":976,"column":7}},"524":{"start":{"line":972,"column":6},"end":{"line":972,"column":38}},"525":{"start":{"line":973,"column":6},"end":{"line":973,"column":52}},"526":{"start":{"line":974,"column":6},"end":{"line":974,"column":57}},"527":{"start":{"line":975,"column":6},"end":{"line":975,"column":13}},"528":{"start":{"line":978,"column":2},"end":{"line":985,"column":5}},"529":{"start":{"line":979,"column":4},"end":{"line":984,"column":7}},"530":{"start":{"line":980,"column":6},"end":{"line":980,"column":38}},"531":{"start":{"line":981,"column":6},"end":{"line":981,"column":52}},"532":{"start":{"line":982,"column":6},"end":{"line":982,"column":57}},"533":{"start":{"line":983,"column":6},"end":{"line":983,"column":13}},"534":{"start":{"line":987,"column":0},"end":{"line":1089,"column":3}},"535":{"start":{"line":988,"column":2},"end":{"line":1000,"column":5}},"536":{"start":{"line":989,"column":4},"end":{"line":999,"column":7}},"537":{"start":{"line":990,"column":6},"end":{"line":990,"column":38}},"538":{"start":{"line":991,"column":6},"end":{"line":991,"column":52}},"539":{"start":{"line":992,"column":6},"end":{"line":992,"column":65}},"540":{"start":{"line":998,"column":6},"end":{"line":998,"column":13}},"541":{"start":{"line":1003,"column":2},"end":{"line":1015,"column":5}},"542":{"start":{"line":1004,"column":4},"end":{"line":1014,"column":7}},"543":{"start":{"line":1005,"column":6},"end":{"line":1005,"column":38}},"544":{"start":{"line":1006,"column":6},"end":{"line":1006,"column":52}},"545":{"start":{"line":1007,"column":6},"end":{"line":1007,"column":65}},"546":{"start":{"line":1013,"column":6},"end":{"line":1013,"column":13}},"547":{"start":{"line":1016,"column":2},"end":{"line":1028,"column":5}},"548":{"start":{"line":1017,"column":4},"end":{"line":1027,"column":7}},"549":{"start":{"line":1018,"column":6},"end":{"line":1018,"column":38}},"550":{"start":{"line":1019,"column":6},"end":{"line":1019,"column":52}},"551":{"start":{"line":1020,"column":6},"end":{"line":1020,"column":57}},"552":{"start":{"line":1026,"column":6},"end":{"line":1026,"column":13}},"553":{"start":{"line":1030,"column":2},"end":{"line":1037,"column":5}},"554":{"start":{"line":1031,"column":4},"end":{"line":1036,"column":7}},"555":{"start":{"line":1032,"column":6},"end":{"line":1032,"column":38}},"556":{"start":{"line":1033,"column":6},"end":{"line":1033,"column":52}},"557":{"start":{"line":1034,"column":6},"end":{"line":1034,"column":57}},"558":{"start":{"line":1035,"column":6},"end":{"line":1035,"column":13}},"559":{"start":{"line":1038,"column":2},"end":{"line":1045,"column":5}},"560":{"start":{"line":1039,"column":4},"end":{"line":1044,"column":7}},"561":{"start":{"line":1040,"column":6},"end":{"line":1040,"column":38}},"562":{"start":{"line":1041,"column":6},"end":{"line":1041,"column":51}},"563":{"start":{"line":1042,"column":6},"end":{"line":1042,"column":82}},"564":{"start":{"line":1043,"column":6},"end":{"line":1043,"column":13}},"565":{"start":{"line":1047,"column":2},"end":{"line":1058,"column":5}},"566":{"start":{"line":1048,"column":4},"end":{"line":1057,"column":7}},"567":{"start":{"line":1049,"column":6},"end":{"line":1049,"column":38}},"568":{"start":{"line":1050,"column":6},"end":{"line":1050,"column":51}},"569":{"start":{"line":1056,"column":6},"end":{"line":1056,"column":13}},"570":{"start":{"line":1060,"column":2},"end":{"line":1075,"column":5}},"571":{"start":{"line":1061,"column":4},"end":{"line":1074,"column":7}},"572":{"start":{"line":1066,"column":6},"end":{"line":1066,"column":38}},"573":{"start":{"line":1067,"column":6},"end":{"line":1067,"column":51}},"574":{"start":{"line":1073,"column":6},"end":{"line":1073,"column":13}},"575":{"start":{"line":1077,"column":2},"end":{"line":1088,"column":5}},"576":{"start":{"line":1078,"column":4},"end":{"line":1087,"column":7}},"577":{"start":{"line":1079,"column":6},"end":{"line":1079,"column":38}},"578":{"start":{"line":1080,"column":6},"end":{"line":1080,"column":51}},"579":{"start":{"line":1086,"column":6},"end":{"line":1086,"column":13}},"580":{"start":{"line":1090,"column":0},"end":{"line":1115,"column":3}},"581":{"start":{"line":1091,"column":2},"end":{"line":1102,"column":5}},"582":{"start":{"line":1092,"column":4},"end":{"line":1101,"column":7}},"583":{"start":{"line":1093,"column":6},"end":{"line":1093,"column":38}},"584":{"start":{"line":1094,"column":6},"end":{"line":1094,"column":51}},"585":{"start":{"line":1100,"column":6},"end":{"line":1100,"column":13}},"586":{"start":{"line":1103,"column":2},"end":{"line":1114,"column":5}},"587":{"start":{"line":1104,"column":4},"end":{"line":1113,"column":7}},"588":{"start":{"line":1105,"column":6},"end":{"line":1105,"column":38}},"589":{"start":{"line":1106,"column":6},"end":{"line":1106,"column":51}},"590":{"start":{"line":1112,"column":6},"end":{"line":1112,"column":13}},"591":{"start":{"line":1116,"column":0},"end":{"line":1125,"column":3}},"592":{"start":{"line":1117,"column":2},"end":{"line":1124,"column":5}},"593":{"start":{"line":1118,"column":4},"end":{"line":1123,"column":7}},"594":{"start":{"line":1119,"column":6},"end":{"line":1119,"column":38}},"595":{"start":{"line":1120,"column":6},"end":{"line":1120,"column":51}},"596":{"start":{"line":1122,"column":6},"end":{"line":1122,"column":13}},"597":{"start":{"line":1126,"column":0},"end":{"line":1154,"column":3}},"598":{"start":{"line":1127,"column":2},"end":{"line":1139,"column":5}},"599":{"start":{"line":1128,"column":4},"end":{"line":1138,"column":7}},"600":{"start":{"line":1129,"column":6},"end":{"line":1129,"column":38}},"601":{"start":{"line":1130,"column":6},"end":{"line":1130,"column":51}},"602":{"start":{"line":1137,"column":6},"end":{"line":1137,"column":13}},"603":{"start":{"line":1140,"column":2},"end":{"line":1153,"column":5}},"604":{"start":{"line":1141,"column":4},"end":{"line":1152,"column":7}},"605":{"start":{"line":1142,"column":6},"end":{"line":1142,"column":38}},"606":{"start":{"line":1143,"column":6},"end":{"line":1143,"column":52}},"607":{"start":{"line":1144,"column":6},"end":{"line":1144,"column":65}},"608":{"start":{"line":1151,"column":6},"end":{"line":1151,"column":13}}},"fnMap":{"0":{"name":"_interopRequireDefault","decl":{"start":{"line":9,"column":9},"end":{"line":9,"column":31}},"loc":{"start":{"line":9,"column":37},"end":{"line":9,"column":97}},"line":9},"1":{"name":"(anonymous_1)","decl":{"start":{"line":27,"column":7},"end":{"line":27,"column":8}},"loc":{"start":{"line":27,"column":23},"end":{"line":41,"column":1}},"line":27},"2":{"name":"(anonymous_2)","decl":{"start":{"line":37,"column":101},"end":{"line":37,"column":102}},"loc":{"start":{"line":37,"column":121},"end":{"line":40,"column":3}},"line":37},"3":{"name":"(anonymous_3)","decl":{"start":{"line":42,"column":7},"end":{"line":42,"column":8}},"loc":{"start":{"line":42,"column":23},"end":{"line":56,"column":1}},"line":42},"4":{"name":"(anonymous_4)","decl":{"start":{"line":52,"column":104},"end":{"line":52,"column":105}},"loc":{"start":{"line":52,"column":124},"end":{"line":55,"column":3}},"line":52},"5":{"name":"(anonymous_5)","decl":{"start":{"line":57,"column":7},"end":{"line":57,"column":8}},"loc":{"start":{"line":57,"column":23},"end":{"line":71,"column":1}},"line":57},"6":{"name":"(anonymous_6)","decl":{"start":{"line":67,"column":102},"end":{"line":67,"column":103}},"loc":{"start":{"line":67,"column":122},"end":{"line":70,"column":3}},"line":67},"7":{"name":"(anonymous_7)","decl":{"start":{"line":73,"column":31},"end":{"line":73,"column":32}},"loc":{"start":{"line":73,"column":43},"end":{"line":105,"column":1}},"line":73},"8":{"name":"(anonymous_8)","decl":{"start":{"line":75,"column":48},"end":{"line":75,"column":49}},"loc":{"start":{"line":75,"column":64},"end":{"line":80,"column":3}},"line":75},"9":{"name":"(anonymous_9)","decl":{"start":{"line":76,"column":59},"end":{"line":76,"column":60}},"loc":{"start":{"line":76,"column":79},"end":{"line":79,"column":5}},"line":76},"10":{"name":"(anonymous_10)","decl":{"start":{"line":81,"column":45},"end":{"line":81,"column":46}},"loc":{"start":{"line":81,"column":61},"end":{"line":88,"column":3}},"line":81},"11":{"name":"(anonymous_11)","decl":{"start":{"line":82,"column":70},"end":{"line":82,"column":71}},"loc":{"start":{"line":82,"column":90},"end":{"line":87,"column":5}},"line":82},"12":{"name":"(anonymous_12)","decl":{"start":{"line":90,"column":51},"end":{"line":90,"column":52}},"loc":{"start":{"line":90,"column":67},"end":{"line":95,"column":3}},"line":90},"13":{"name":"(anonymous_13)","decl":{"start":{"line":91,"column":82},"end":{"line":91,"column":83}},"loc":{"start":{"line":91,"column":102},"end":{"line":94,"column":5}},"line":91},"14":{"name":"(anonymous_14)","decl":{"start":{"line":97,"column":47},"end":{"line":97,"column":48}},"loc":{"start":{"line":97,"column":63},"end":{"line":104,"column":3}},"line":97},"15":{"name":"(anonymous_15)","decl":{"start":{"line":100,"column":11},"end":{"line":100,"column":12}},"loc":{"start":{"line":100,"column":31},"end":{"line":103,"column":5}},"line":100},"16":{"name":"(anonymous_16)","decl":{"start":{"line":107,"column":37},"end":{"line":107,"column":38}},"loc":{"start":{"line":107,"column":49},"end":{"line":122,"column":1}},"line":107},"17":{"name":"(anonymous_17)","decl":{"start":{"line":108,"column":53},"end":{"line":108,"column":54}},"loc":{"start":{"line":108,"column":69},"end":{"line":121,"column":3}},"line":108},"18":{"name":"(anonymous_18)","decl":{"start":{"line":115,"column":11},"end":{"line":115,"column":12}},"loc":{"start":{"line":115,"column":31},"end":{"line":120,"column":5}},"line":115},"19":{"name":"(anonymous_19)","decl":{"start":{"line":123,"column":37},"end":{"line":123,"column":38}},"loc":{"start":{"line":123,"column":49},"end":{"line":139,"column":1}},"line":123},"20":{"name":"(anonymous_20)","decl":{"start":{"line":124,"column":42},"end":{"line":124,"column":43}},"loc":{"start":{"line":124,"column":58},"end":{"line":138,"column":3}},"line":124},"21":{"name":"(anonymous_21)","decl":{"start":{"line":132,"column":11},"end":{"line":132,"column":12}},"loc":{"start":{"line":132,"column":31},"end":{"line":137,"column":5}},"line":132},"22":{"name":"(anonymous_22)","decl":{"start":{"line":140,"column":37},"end":{"line":140,"column":38}},"loc":{"start":{"line":140,"column":49},"end":{"line":156,"column":1}},"line":140},"23":{"name":"(anonymous_23)","decl":{"start":{"line":141,"column":52},"end":{"line":141,"column":53}},"loc":{"start":{"line":141,"column":68},"end":{"line":155,"column":3}},"line":141},"24":{"name":"(anonymous_24)","decl":{"start":{"line":149,"column":11},"end":{"line":149,"column":12}},"loc":{"start":{"line":149,"column":31},"end":{"line":154,"column":5}},"line":149},"25":{"name":"(anonymous_25)","decl":{"start":{"line":157,"column":37},"end":{"line":157,"column":38}},"loc":{"start":{"line":157,"column":49},"end":{"line":173,"column":1}},"line":157},"26":{"name":"(anonymous_26)","decl":{"start":{"line":158,"column":75},"end":{"line":158,"column":76}},"loc":{"start":{"line":158,"column":91},"end":{"line":172,"column":3}},"line":158},"27":{"name":"(anonymous_27)","decl":{"start":{"line":166,"column":11},"end":{"line":166,"column":12}},"loc":{"start":{"line":166,"column":31},"end":{"line":171,"column":5}},"line":166},"28":{"name":"(anonymous_28)","decl":{"start":{"line":174,"column":37},"end":{"line":174,"column":38}},"loc":{"start":{"line":174,"column":49},"end":{"line":190,"column":1}},"line":174},"29":{"name":"(anonymous_29)","decl":{"start":{"line":175,"column":50},"end":{"line":175,"column":51}},"loc":{"start":{"line":175,"column":66},"end":{"line":189,"column":3}},"line":175},"30":{"name":"(anonymous_30)","decl":{"start":{"line":183,"column":11},"end":{"line":183,"column":12}},"loc":{"start":{"line":183,"column":31},"end":{"line":188,"column":5}},"line":183},"31":{"name":"(anonymous_31)","decl":{"start":{"line":191,"column":37},"end":{"line":191,"column":38}},"loc":{"start":{"line":191,"column":49},"end":{"line":207,"column":1}},"line":191},"32":{"name":"(anonymous_32)","decl":{"start":{"line":192,"column":60},"end":{"line":192,"column":61}},"loc":{"start":{"line":192,"column":76},"end":{"line":206,"column":3}},"line":192},"33":{"name":"(anonymous_33)","decl":{"start":{"line":200,"column":11},"end":{"line":200,"column":12}},"loc":{"start":{"line":200,"column":31},"end":{"line":205,"column":5}},"line":200},"34":{"name":"(anonymous_34)","decl":{"start":{"line":208,"column":37},"end":{"line":208,"column":38}},"loc":{"start":{"line":208,"column":49},"end":{"line":238,"column":1}},"line":208},"35":{"name":"(anonymous_35)","decl":{"start":{"line":209,"column":31},"end":{"line":209,"column":32}},"loc":{"start":{"line":209,"column":47},"end":{"line":223,"column":3}},"line":209},"36":{"name":"(anonymous_36)","decl":{"start":{"line":217,"column":11},"end":{"line":217,"column":12}},"loc":{"start":{"line":217,"column":31},"end":{"line":222,"column":5}},"line":217},"37":{"name":"(anonymous_37)","decl":{"start":{"line":224,"column":31},"end":{"line":224,"column":32}},"loc":{"start":{"line":224,"column":47},"end":{"line":237,"column":3}},"line":224},"38":{"name":"(anonymous_38)","decl":{"start":{"line":231,"column":11},"end":{"line":231,"column":12}},"loc":{"start":{"line":231,"column":31},"end":{"line":236,"column":5}},"line":231},"39":{"name":"(anonymous_39)","decl":{"start":{"line":239,"column":37},"end":{"line":239,"column":38}},"loc":{"start":{"line":239,"column":49},"end":{"line":256,"column":1}},"line":239},"40":{"name":"(anonymous_40)","decl":{"start":{"line":240,"column":29},"end":{"line":240,"column":30}},"loc":{"start":{"line":240,"column":45},"end":{"line":255,"column":3}},"line":240},"41":{"name":"(anonymous_41)","decl":{"start":{"line":248,"column":11},"end":{"line":248,"column":12}},"loc":{"start":{"line":248,"column":31},"end":{"line":254,"column":5}},"line":248},"42":{"name":"(anonymous_42)","decl":{"start":{"line":258,"column":36},"end":{"line":258,"column":37}},"loc":{"start":{"line":258,"column":48},"end":{"line":270,"column":1}},"line":258},"43":{"name":"(anonymous_43)","decl":{"start":{"line":259,"column":46},"end":{"line":259,"column":47}},"loc":{"start":{"line":259,"column":62},"end":{"line":269,"column":3}},"line":259},"44":{"name":"(anonymous_44)","decl":{"start":{"line":263,"column":11},"end":{"line":263,"column":12}},"loc":{"start":{"line":263,"column":31},"end":{"line":268,"column":5}},"line":263},"45":{"name":"(anonymous_45)","decl":{"start":{"line":271,"column":36},"end":{"line":271,"column":37}},"loc":{"start":{"line":271,"column":48},"end":{"line":283,"column":1}},"line":271},"46":{"name":"(anonymous_46)","decl":{"start":{"line":272,"column":49},"end":{"line":272,"column":50}},"loc":{"start":{"line":272,"column":65},"end":{"line":282,"column":3}},"line":272},"47":{"name":"(anonymous_47)","decl":{"start":{"line":276,"column":11},"end":{"line":276,"column":12}},"loc":{"start":{"line":276,"column":31},"end":{"line":281,"column":5}},"line":276},"48":{"name":"(anonymous_48)","decl":{"start":{"line":284,"column":36},"end":{"line":284,"column":37}},"loc":{"start":{"line":284,"column":48},"end":{"line":296,"column":1}},"line":284},"49":{"name":"(anonymous_49)","decl":{"start":{"line":285,"column":39},"end":{"line":285,"column":40}},"loc":{"start":{"line":285,"column":55},"end":{"line":295,"column":3}},"line":285},"50":{"name":"(anonymous_50)","decl":{"start":{"line":289,"column":11},"end":{"line":289,"column":12}},"loc":{"start":{"line":289,"column":31},"end":{"line":294,"column":5}},"line":289},"51":{"name":"(anonymous_51)","decl":{"start":{"line":297,"column":36},"end":{"line":297,"column":37}},"loc":{"start":{"line":297,"column":48},"end":{"line":309,"column":1}},"line":297},"52":{"name":"(anonymous_52)","decl":{"start":{"line":298,"column":47},"end":{"line":298,"column":48}},"loc":{"start":{"line":298,"column":63},"end":{"line":308,"column":3}},"line":298},"53":{"name":"(anonymous_53)","decl":{"start":{"line":302,"column":11},"end":{"line":302,"column":12}},"loc":{"start":{"line":302,"column":31},"end":{"line":307,"column":5}},"line":302},"54":{"name":"(anonymous_54)","decl":{"start":{"line":310,"column":36},"end":{"line":310,"column":37}},"loc":{"start":{"line":310,"column":48},"end":{"line":322,"column":1}},"line":310},"55":{"name":"(anonymous_55)","decl":{"start":{"line":311,"column":44},"end":{"line":311,"column":45}},"loc":{"start":{"line":311,"column":60},"end":{"line":321,"column":3}},"line":311},"56":{"name":"(anonymous_56)","decl":{"start":{"line":315,"column":11},"end":{"line":315,"column":12}},"loc":{"start":{"line":315,"column":31},"end":{"line":320,"column":5}},"line":315},"57":{"name":"(anonymous_57)","decl":{"start":{"line":323,"column":36},"end":{"line":323,"column":37}},"loc":{"start":{"line":323,"column":48},"end":{"line":335,"column":1}},"line":323},"58":{"name":"(anonymous_58)","decl":{"start":{"line":324,"column":34},"end":{"line":324,"column":35}},"loc":{"start":{"line":324,"column":50},"end":{"line":334,"column":3}},"line":324},"59":{"name":"(anonymous_59)","decl":{"start":{"line":328,"column":11},"end":{"line":328,"column":12}},"loc":{"start":{"line":328,"column":31},"end":{"line":333,"column":5}},"line":328},"60":{"name":"(anonymous_60)","decl":{"start":{"line":337,"column":30},"end":{"line":337,"column":31}},"loc":{"start":{"line":337,"column":42},"end":{"line":383,"column":1}},"line":337},"61":{"name":"(anonymous_61)","decl":{"start":{"line":338,"column":62},"end":{"line":338,"column":63}},"loc":{"start":{"line":338,"column":78},"end":{"line":346,"column":3}},"line":338},"62":{"name":"(anonymous_62)","decl":{"start":{"line":339,"column":74},"end":{"line":339,"column":75}},"loc":{"start":{"line":339,"column":94},"end":{"line":345,"column":5}},"line":339},"63":{"name":"(anonymous_63)","decl":{"start":{"line":347,"column":65},"end":{"line":347,"column":66}},"loc":{"start":{"line":347,"column":81},"end":{"line":355,"column":3}},"line":347},"64":{"name":"(anonymous_64)","decl":{"start":{"line":348,"column":117},"end":{"line":348,"column":118}},"loc":{"start":{"line":348,"column":137},"end":{"line":354,"column":5}},"line":348},"65":{"name":"(anonymous_65)","decl":{"start":{"line":356,"column":42},"end":{"line":356,"column":43}},"loc":{"start":{"line":356,"column":58},"end":{"line":364,"column":3}},"line":356},"66":{"name":"(anonymous_66)","decl":{"start":{"line":357,"column":107},"end":{"line":357,"column":108}},"loc":{"start":{"line":357,"column":127},"end":{"line":363,"column":5}},"line":357},"67":{"name":"(anonymous_67)","decl":{"start":{"line":365,"column":44},"end":{"line":365,"column":45}},"loc":{"start":{"line":365,"column":60},"end":{"line":373,"column":3}},"line":365},"68":{"name":"(anonymous_68)","decl":{"start":{"line":366,"column":109},"end":{"line":366,"column":110}},"loc":{"start":{"line":366,"column":129},"end":{"line":372,"column":5}},"line":366},"69":{"name":"(anonymous_69)","decl":{"start":{"line":374,"column":45},"end":{"line":374,"column":46}},"loc":{"start":{"line":374,"column":61},"end":{"line":382,"column":3}},"line":374},"70":{"name":"(anonymous_70)","decl":{"start":{"line":375,"column":106},"end":{"line":375,"column":107}},"loc":{"start":{"line":375,"column":126},"end":{"line":381,"column":5}},"line":375},"71":{"name":"(anonymous_71)","decl":{"start":{"line":384,"column":30},"end":{"line":384,"column":31}},"loc":{"start":{"line":384,"column":42},"end":{"line":420,"column":1}},"line":384},"72":{"name":"(anonymous_72)","decl":{"start":{"line":385,"column":48},"end":{"line":385,"column":49}},"loc":{"start":{"line":385,"column":64},"end":{"line":393,"column":3}},"line":385},"73":{"name":"(anonymous_73)","decl":{"start":{"line":386,"column":113},"end":{"line":386,"column":114}},"loc":{"start":{"line":386,"column":133},"end":{"line":392,"column":5}},"line":386},"74":{"name":"(anonymous_74)","decl":{"start":{"line":394,"column":50},"end":{"line":394,"column":51}},"loc":{"start":{"line":394,"column":66},"end":{"line":402,"column":3}},"line":394},"75":{"name":"(anonymous_75)","decl":{"start":{"line":395,"column":115},"end":{"line":395,"column":116}},"loc":{"start":{"line":395,"column":135},"end":{"line":401,"column":5}},"line":395},"76":{"name":"(anonymous_76)","decl":{"start":{"line":403,"column":48},"end":{"line":403,"column":49}},"loc":{"start":{"line":403,"column":64},"end":{"line":411,"column":3}},"line":403},"77":{"name":"(anonymous_77)","decl":{"start":{"line":404,"column":112},"end":{"line":404,"column":113}},"loc":{"start":{"line":404,"column":132},"end":{"line":410,"column":5}},"line":404},"78":{"name":"(anonymous_78)","decl":{"start":{"line":412,"column":51},"end":{"line":412,"column":52}},"loc":{"start":{"line":412,"column":67},"end":{"line":419,"column":3}},"line":412},"79":{"name":"(anonymous_79)","decl":{"start":{"line":413,"column":112},"end":{"line":413,"column":113}},"loc":{"start":{"line":413,"column":132},"end":{"line":418,"column":5}},"line":413},"80":{"name":"(anonymous_80)","decl":{"start":{"line":421,"column":38},"end":{"line":421,"column":39}},"loc":{"start":{"line":421,"column":50},"end":{"line":488,"column":1}},"line":421},"81":{"name":"(anonymous_81)","decl":{"start":{"line":422,"column":56},"end":{"line":422,"column":57}},"loc":{"start":{"line":422,"column":72},"end":{"line":432,"column":3}},"line":422},"82":{"name":"(anonymous_82)","decl":{"start":{"line":425,"column":11},"end":{"line":425,"column":12}},"loc":{"start":{"line":425,"column":31},"end":{"line":431,"column":5}},"line":425},"83":{"name":"(anonymous_83)","decl":{"start":{"line":433,"column":33},"end":{"line":433,"column":34}},"loc":{"start":{"line":433,"column":49},"end":{"line":443,"column":3}},"line":433},"84":{"name":"(anonymous_84)","decl":{"start":{"line":436,"column":11},"end":{"line":436,"column":12}},"loc":{"start":{"line":436,"column":31},"end":{"line":442,"column":5}},"line":436},"85":{"name":"(anonymous_85)","decl":{"start":{"line":444,"column":51},"end":{"line":444,"column":52}},"loc":{"start":{"line":444,"column":67},"end":{"line":454,"column":3}},"line":444},"86":{"name":"(anonymous_86)","decl":{"start":{"line":447,"column":11},"end":{"line":447,"column":12}},"loc":{"start":{"line":447,"column":31},"end":{"line":453,"column":5}},"line":447},"87":{"name":"(anonymous_87)","decl":{"start":{"line":455,"column":63},"end":{"line":455,"column":64}},"loc":{"start":{"line":455,"column":79},"end":{"line":465,"column":3}},"line":455},"88":{"name":"(anonymous_88)","decl":{"start":{"line":458,"column":11},"end":{"line":458,"column":12}},"loc":{"start":{"line":458,"column":31},"end":{"line":464,"column":5}},"line":458},"89":{"name":"(anonymous_89)","decl":{"start":{"line":466,"column":60},"end":{"line":466,"column":61}},"loc":{"start":{"line":466,"column":76},"end":{"line":476,"column":3}},"line":466},"90":{"name":"(anonymous_90)","decl":{"start":{"line":469,"column":11},"end":{"line":469,"column":12}},"loc":{"start":{"line":469,"column":31},"end":{"line":475,"column":5}},"line":469},"91":{"name":"(anonymous_91)","decl":{"start":{"line":477,"column":58},"end":{"line":477,"column":59}},"loc":{"start":{"line":477,"column":74},"end":{"line":487,"column":3}},"line":477},"92":{"name":"(anonymous_92)","decl":{"start":{"line":480,"column":11},"end":{"line":480,"column":12}},"loc":{"start":{"line":480,"column":31},"end":{"line":486,"column":5}},"line":480},"93":{"name":"(anonymous_93)","decl":{"start":{"line":489,"column":34},"end":{"line":489,"column":35}},"loc":{"start":{"line":489,"column":46},"end":{"line":534,"column":1}},"line":489},"94":{"name":"(anonymous_94)","decl":{"start":{"line":490,"column":57},"end":{"line":490,"column":58}},"loc":{"start":{"line":490,"column":73},"end":{"line":500,"column":3}},"line":490},"95":{"name":"(anonymous_95)","decl":{"start":{"line":493,"column":11},"end":{"line":493,"column":12}},"loc":{"start":{"line":493,"column":31},"end":{"line":499,"column":5}},"line":493},"96":{"name":"(anonymous_96)","decl":{"start":{"line":501,"column":52},"end":{"line":501,"column":53}},"loc":{"start":{"line":501,"column":68},"end":{"line":511,"column":3}},"line":501},"97":{"name":"(anonymous_97)","decl":{"start":{"line":504,"column":11},"end":{"line":504,"column":12}},"loc":{"start":{"line":504,"column":31},"end":{"line":510,"column":5}},"line":504},"98":{"name":"(anonymous_98)","decl":{"start":{"line":512,"column":45},"end":{"line":512,"column":46}},"loc":{"start":{"line":512,"column":61},"end":{"line":522,"column":3}},"line":512},"99":{"name":"(anonymous_99)","decl":{"start":{"line":515,"column":11},"end":{"line":515,"column":12}},"loc":{"start":{"line":515,"column":31},"end":{"line":521,"column":5}},"line":515},"100":{"name":"(anonymous_100)","decl":{"start":{"line":523,"column":42},"end":{"line":523,"column":43}},"loc":{"start":{"line":523,"column":58},"end":{"line":533,"column":3}},"line":523},"101":{"name":"(anonymous_101)","decl":{"start":{"line":526,"column":11},"end":{"line":526,"column":12}},"loc":{"start":{"line":526,"column":31},"end":{"line":532,"column":5}},"line":526},"102":{"name":"(anonymous_102)","decl":{"start":{"line":535,"column":35},"end":{"line":535,"column":36}},"loc":{"start":{"line":535,"column":47},"end":{"line":574,"column":1}},"line":535},"103":{"name":"(anonymous_103)","decl":{"start":{"line":536,"column":57},"end":{"line":536,"column":58}},"loc":{"start":{"line":536,"column":73},"end":{"line":544,"column":3}},"line":536},"104":{"name":"(anonymous_104)","decl":{"start":{"line":537,"column":119},"end":{"line":537,"column":120}},"loc":{"start":{"line":537,"column":139},"end":{"line":543,"column":5}},"line":537},"105":{"name":"(anonymous_105)","decl":{"start":{"line":545,"column":51},"end":{"line":545,"column":52}},"loc":{"start":{"line":545,"column":67},"end":{"line":555,"column":3}},"line":545},"106":{"name":"(anonymous_106)","decl":{"start":{"line":548,"column":11},"end":{"line":548,"column":12}},"loc":{"start":{"line":548,"column":31},"end":{"line":554,"column":5}},"line":548},"107":{"name":"(anonymous_107)","decl":{"start":{"line":556,"column":44},"end":{"line":556,"column":45}},"loc":{"start":{"line":556,"column":60},"end":{"line":564,"column":3}},"line":556},"108":{"name":"(anonymous_108)","decl":{"start":{"line":557,"column":121},"end":{"line":557,"column":122}},"loc":{"start":{"line":557,"column":141},"end":{"line":563,"column":5}},"line":557},"109":{"name":"(anonymous_109)","decl":{"start":{"line":565,"column":41},"end":{"line":565,"column":42}},"loc":{"start":{"line":565,"column":57},"end":{"line":573,"column":3}},"line":565},"110":{"name":"(anonymous_110)","decl":{"start":{"line":566,"column":118},"end":{"line":566,"column":119}},"loc":{"start":{"line":566,"column":138},"end":{"line":572,"column":5}},"line":566},"111":{"name":"(anonymous_111)","decl":{"start":{"line":576,"column":34},"end":{"line":576,"column":35}},"loc":{"start":{"line":576,"column":46},"end":{"line":611,"column":1}},"line":576},"112":{"name":"(anonymous_112)","decl":{"start":{"line":577,"column":41},"end":{"line":577,"column":42}},"loc":{"start":{"line":577,"column":57},"end":{"line":588,"column":3}},"line":577},"113":{"name":"(anonymous_113)","decl":{"start":{"line":581,"column":11},"end":{"line":581,"column":12}},"loc":{"start":{"line":581,"column":31},"end":{"line":587,"column":5}},"line":581},"114":{"name":"(anonymous_114)","decl":{"start":{"line":589,"column":59},"end":{"line":589,"column":60}},"loc":{"start":{"line":589,"column":75},"end":{"line":600,"column":3}},"line":589},"115":{"name":"(anonymous_115)","decl":{"start":{"line":593,"column":11},"end":{"line":593,"column":12}},"loc":{"start":{"line":593,"column":31},"end":{"line":599,"column":5}},"line":593},"116":{"name":"(anonymous_116)","decl":{"start":{"line":601,"column":30},"end":{"line":601,"column":31}},"loc":{"start":{"line":601,"column":46},"end":{"line":610,"column":3}},"line":601},"117":{"name":"(anonymous_117)","decl":{"start":{"line":604,"column":11},"end":{"line":604,"column":12}},"loc":{"start":{"line":604,"column":31},"end":{"line":609,"column":5}},"line":604},"118":{"name":"(anonymous_118)","decl":{"start":{"line":612,"column":33},"end":{"line":612,"column":34}},"loc":{"start":{"line":612,"column":45},"end":{"line":629,"column":1}},"line":612},"119":{"name":"(anonymous_119)","decl":{"start":{"line":613,"column":51},"end":{"line":613,"column":52}},"loc":{"start":{"line":613,"column":67},"end":{"line":620,"column":3}},"line":613},"120":{"name":"(anonymous_120)","decl":{"start":{"line":614,"column":115},"end":{"line":614,"column":116}},"loc":{"start":{"line":614,"column":135},"end":{"line":619,"column":5}},"line":614},"121":{"name":"(anonymous_121)","decl":{"start":{"line":621,"column":28},"end":{"line":621,"column":29}},"loc":{"start":{"line":621,"column":44},"end":{"line":628,"column":3}},"line":621},"122":{"name":"(anonymous_122)","decl":{"start":{"line":622,"column":110},"end":{"line":622,"column":111}},"loc":{"start":{"line":622,"column":130},"end":{"line":627,"column":5}},"line":622},"123":{"name":"(anonymous_123)","decl":{"start":{"line":630,"column":37},"end":{"line":630,"column":38}},"loc":{"start":{"line":630,"column":49},"end":{"line":690,"column":1}},"line":630},"124":{"name":"(anonymous_124)","decl":{"start":{"line":631,"column":31},"end":{"line":631,"column":32}},"loc":{"start":{"line":631,"column":47},"end":{"line":639,"column":3}},"line":631},"125":{"name":"(anonymous_125)","decl":{"start":{"line":634,"column":11},"end":{"line":634,"column":12}},"loc":{"start":{"line":634,"column":31},"end":{"line":638,"column":5}},"line":634},"126":{"name":"(anonymous_126)","decl":{"start":{"line":640,"column":62},"end":{"line":640,"column":63}},"loc":{"start":{"line":640,"column":78},"end":{"line":649,"column":3}},"line":640},"127":{"name":"(anonymous_127)","decl":{"start":{"line":643,"column":11},"end":{"line":643,"column":12}},"loc":{"start":{"line":643,"column":31},"end":{"line":648,"column":5}},"line":643},"128":{"name":"(anonymous_128)","decl":{"start":{"line":650,"column":66},"end":{"line":650,"column":67}},"loc":{"start":{"line":650,"column":82},"end":{"line":659,"column":3}},"line":650},"129":{"name":"(anonymous_129)","decl":{"start":{"line":653,"column":11},"end":{"line":653,"column":12}},"loc":{"start":{"line":653,"column":31},"end":{"line":658,"column":5}},"line":653},"130":{"name":"(anonymous_130)","decl":{"start":{"line":660,"column":53},"end":{"line":660,"column":54}},"loc":{"start":{"line":660,"column":69},"end":{"line":669,"column":3}},"line":660},"131":{"name":"(anonymous_131)","decl":{"start":{"line":663,"column":11},"end":{"line":663,"column":12}},"loc":{"start":{"line":663,"column":31},"end":{"line":668,"column":5}},"line":663},"132":{"name":"(anonymous_132)","decl":{"start":{"line":670,"column":54},"end":{"line":670,"column":55}},"loc":{"start":{"line":670,"column":70},"end":{"line":679,"column":3}},"line":670},"133":{"name":"(anonymous_133)","decl":{"start":{"line":673,"column":11},"end":{"line":673,"column":12}},"loc":{"start":{"line":673,"column":31},"end":{"line":678,"column":5}},"line":673},"134":{"name":"(anonymous_134)","decl":{"start":{"line":680,"column":55},"end":{"line":680,"column":56}},"loc":{"start":{"line":680,"column":71},"end":{"line":689,"column":3}},"line":680},"135":{"name":"(anonymous_135)","decl":{"start":{"line":683,"column":11},"end":{"line":683,"column":12}},"loc":{"start":{"line":683,"column":31},"end":{"line":688,"column":5}},"line":683},"136":{"name":"(anonymous_136)","decl":{"start":{"line":691,"column":44},"end":{"line":691,"column":45}},"loc":{"start":{"line":691,"column":56},"end":{"line":708,"column":1}},"line":691},"137":{"name":"(anonymous_137)","decl":{"start":{"line":692,"column":52},"end":{"line":692,"column":53}},"loc":{"start":{"line":692,"column":68},"end":{"line":699,"column":3}},"line":692},"138":{"name":"(anonymous_138)","decl":{"start":{"line":693,"column":125},"end":{"line":693,"column":126}},"loc":{"start":{"line":693,"column":145},"end":{"line":698,"column":5}},"line":693},"139":{"name":"(anonymous_139)","decl":{"start":{"line":701,"column":38},"end":{"line":701,"column":39}},"loc":{"start":{"line":701,"column":54},"end":{"line":707,"column":3}},"line":701},"140":{"name":"(anonymous_140)","decl":{"start":{"line":702,"column":116},"end":{"line":702,"column":117}},"loc":{"start":{"line":702,"column":136},"end":{"line":706,"column":5}},"line":702},"141":{"name":"(anonymous_141)","decl":{"start":{"line":709,"column":42},"end":{"line":709,"column":43}},"loc":{"start":{"line":709,"column":54},"end":{"line":718,"column":1}},"line":709},"142":{"name":"(anonymous_142)","decl":{"start":{"line":710,"column":51},"end":{"line":710,"column":52}},"loc":{"start":{"line":710,"column":67},"end":{"line":717,"column":3}},"line":710},"143":{"name":"(anonymous_143)","decl":{"start":{"line":711,"column":123},"end":{"line":711,"column":124}},"loc":{"start":{"line":711,"column":143},"end":{"line":716,"column":5}},"line":711},"144":{"name":"(anonymous_144)","decl":{"start":{"line":719,"column":56},"end":{"line":719,"column":57}},"loc":{"start":{"line":719,"column":68},"end":{"line":728,"column":1}},"line":719},"145":{"name":"(anonymous_145)","decl":{"start":{"line":720,"column":46},"end":{"line":720,"column":47}},"loc":{"start":{"line":720,"column":62},"end":{"line":727,"column":3}},"line":720},"146":{"name":"(anonymous_146)","decl":{"start":{"line":721,"column":137},"end":{"line":721,"column":138}},"loc":{"start":{"line":721,"column":157},"end":{"line":726,"column":5}},"line":721},"147":{"name":"(anonymous_147)","decl":{"start":{"line":729,"column":52},"end":{"line":729,"column":53}},"loc":{"start":{"line":729,"column":64},"end":{"line":738,"column":1}},"line":729},"148":{"name":"(anonymous_148)","decl":{"start":{"line":730,"column":46},"end":{"line":730,"column":47}},"loc":{"start":{"line":730,"column":62},"end":{"line":737,"column":3}},"line":730},"149":{"name":"(anonymous_149)","decl":{"start":{"line":731,"column":133},"end":{"line":731,"column":134}},"loc":{"start":{"line":731,"column":153},"end":{"line":736,"column":5}},"line":731},"150":{"name":"(anonymous_150)","decl":{"start":{"line":739,"column":42},"end":{"line":739,"column":43}},"loc":{"start":{"line":739,"column":54},"end":{"line":748,"column":1}},"line":739},"151":{"name":"(anonymous_151)","decl":{"start":{"line":740,"column":50},"end":{"line":740,"column":51}},"loc":{"start":{"line":740,"column":66},"end":{"line":747,"column":3}},"line":740},"152":{"name":"(anonymous_152)","decl":{"start":{"line":741,"column":122},"end":{"line":741,"column":123}},"loc":{"start":{"line":741,"column":142},"end":{"line":746,"column":5}},"line":741},"153":{"name":"(anonymous_153)","decl":{"start":{"line":749,"column":52},"end":{"line":749,"column":53}},"loc":{"start":{"line":749,"column":64},"end":{"line":758,"column":1}},"line":749},"154":{"name":"(anonymous_154)","decl":{"start":{"line":750,"column":50},"end":{"line":750,"column":51}},"loc":{"start":{"line":750,"column":66},"end":{"line":757,"column":3}},"line":750},"155":{"name":"(anonymous_155)","decl":{"start":{"line":751,"column":132},"end":{"line":751,"column":133}},"loc":{"start":{"line":751,"column":152},"end":{"line":756,"column":5}},"line":751},"156":{"name":"(anonymous_156)","decl":{"start":{"line":759,"column":47},"end":{"line":759,"column":48}},"loc":{"start":{"line":759,"column":59},"end":{"line":795,"column":1}},"line":759},"157":{"name":"(anonymous_157)","decl":{"start":{"line":760,"column":55},"end":{"line":760,"column":56}},"loc":{"start":{"line":760,"column":71},"end":{"line":767,"column":3}},"line":760},"158":{"name":"(anonymous_158)","decl":{"start":{"line":761,"column":131},"end":{"line":761,"column":132}},"loc":{"start":{"line":761,"column":151},"end":{"line":766,"column":5}},"line":761},"159":{"name":"(anonymous_159)","decl":{"start":{"line":769,"column":30},"end":{"line":769,"column":31}},"loc":{"start":{"line":769,"column":46},"end":{"line":776,"column":3}},"line":769},"160":{"name":"(anonymous_160)","decl":{"start":{"line":770,"column":122},"end":{"line":770,"column":123}},"loc":{"start":{"line":770,"column":142},"end":{"line":775,"column":5}},"line":770},"161":{"name":"(anonymous_161)","decl":{"start":{"line":778,"column":54},"end":{"line":778,"column":55}},"loc":{"start":{"line":778,"column":70},"end":{"line":785,"column":3}},"line":778},"162":{"name":"(anonymous_162)","decl":{"start":{"line":779,"column":121},"end":{"line":779,"column":122}},"loc":{"start":{"line":779,"column":141},"end":{"line":784,"column":5}},"line":779},"163":{"name":"(anonymous_163)","decl":{"start":{"line":787,"column":57},"end":{"line":787,"column":58}},"loc":{"start":{"line":787,"column":73},"end":{"line":794,"column":3}},"line":787},"164":{"name":"(anonymous_164)","decl":{"start":{"line":788,"column":124},"end":{"line":788,"column":125}},"loc":{"start":{"line":788,"column":144},"end":{"line":793,"column":5}},"line":788},"165":{"name":"(anonymous_165)","decl":{"start":{"line":797,"column":38},"end":{"line":797,"column":39}},"loc":{"start":{"line":797,"column":50},"end":{"line":810,"column":1}},"line":797},"166":{"name":"(anonymous_166)","decl":{"start":{"line":798,"column":85},"end":{"line":798,"column":86}},"loc":{"start":{"line":798,"column":101},"end":{"line":809,"column":3}},"line":798},"167":{"name":"(anonymous_167)","decl":{"start":{"line":803,"column":11},"end":{"line":803,"column":12}},"loc":{"start":{"line":803,"column":31},"end":{"line":808,"column":5}},"line":803},"168":{"name":"(anonymous_168)","decl":{"start":{"line":811,"column":38},"end":{"line":811,"column":39}},"loc":{"start":{"line":811,"column":50},"end":{"line":824,"column":1}},"line":811},"169":{"name":"(anonymous_169)","decl":{"start":{"line":812,"column":65},"end":{"line":812,"column":66}},"loc":{"start":{"line":812,"column":81},"end":{"line":823,"column":3}},"line":812},"170":{"name":"(anonymous_170)","decl":{"start":{"line":817,"column":11},"end":{"line":817,"column":12}},"loc":{"start":{"line":817,"column":31},"end":{"line":822,"column":5}},"line":817},"171":{"name":"(anonymous_171)","decl":{"start":{"line":825,"column":38},"end":{"line":825,"column":39}},"loc":{"start":{"line":825,"column":50},"end":{"line":947,"column":1}},"line":825},"172":{"name":"(anonymous_172)","decl":{"start":{"line":826,"column":55},"end":{"line":826,"column":56}},"loc":{"start":{"line":826,"column":71},"end":{"line":837,"column":3}},"line":826},"173":{"name":"(anonymous_173)","decl":{"start":{"line":831,"column":11},"end":{"line":831,"column":12}},"loc":{"start":{"line":831,"column":31},"end":{"line":836,"column":5}},"line":831},"174":{"name":"(anonymous_174)","decl":{"start":{"line":839,"column":55},"end":{"line":839,"column":56}},"loc":{"start":{"line":839,"column":71},"end":{"line":850,"column":3}},"line":839},"175":{"name":"(anonymous_175)","decl":{"start":{"line":844,"column":11},"end":{"line":844,"column":12}},"loc":{"start":{"line":844,"column":31},"end":{"line":849,"column":5}},"line":844},"176":{"name":"(anonymous_176)","decl":{"start":{"line":852,"column":43},"end":{"line":852,"column":44}},"loc":{"start":{"line":852,"column":59},"end":{"line":863,"column":3}},"line":852},"177":{"name":"(anonymous_177)","decl":{"start":{"line":857,"column":11},"end":{"line":857,"column":12}},"loc":{"start":{"line":857,"column":31},"end":{"line":862,"column":5}},"line":857},"178":{"name":"(anonymous_178)","decl":{"start":{"line":865,"column":44},"end":{"line":865,"column":45}},"loc":{"start":{"line":865,"column":60},"end":{"line":876,"column":3}},"line":865},"179":{"name":"(anonymous_179)","decl":{"start":{"line":870,"column":11},"end":{"line":870,"column":12}},"loc":{"start":{"line":870,"column":31},"end":{"line":875,"column":5}},"line":870},"180":{"name":"(anonymous_180)","decl":{"start":{"line":877,"column":70},"end":{"line":877,"column":71}},"loc":{"start":{"line":877,"column":86},"end":{"line":888,"column":3}},"line":877},"181":{"name":"(anonymous_181)","decl":{"start":{"line":882,"column":11},"end":{"line":882,"column":12}},"loc":{"start":{"line":882,"column":31},"end":{"line":887,"column":5}},"line":882},"182":{"name":"(anonymous_182)","decl":{"start":{"line":889,"column":86},"end":{"line":889,"column":87}},"loc":{"start":{"line":889,"column":102},"end":{"line":900,"column":3}},"line":889},"183":{"name":"(anonymous_183)","decl":{"start":{"line":894,"column":11},"end":{"line":894,"column":12}},"loc":{"start":{"line":894,"column":31},"end":{"line":899,"column":5}},"line":894},"184":{"name":"(anonymous_184)","decl":{"start":{"line":901,"column":68},"end":{"line":901,"column":69}},"loc":{"start":{"line":901,"column":84},"end":{"line":911,"column":3}},"line":901},"185":{"name":"(anonymous_185)","decl":{"start":{"line":905,"column":11},"end":{"line":905,"column":12}},"loc":{"start":{"line":905,"column":31},"end":{"line":910,"column":5}},"line":905},"186":{"name":"(anonymous_186)","decl":{"start":{"line":912,"column":76},"end":{"line":912,"column":77}},"loc":{"start":{"line":912,"column":92},"end":{"line":922,"column":3}},"line":912},"187":{"name":"(anonymous_187)","decl":{"start":{"line":916,"column":11},"end":{"line":916,"column":12}},"loc":{"start":{"line":916,"column":31},"end":{"line":921,"column":5}},"line":916},"188":{"name":"(anonymous_188)","decl":{"start":{"line":923,"column":78},"end":{"line":923,"column":79}},"loc":{"start":{"line":923,"column":94},"end":{"line":934,"column":3}},"line":923},"189":{"name":"(anonymous_189)","decl":{"start":{"line":928,"column":11},"end":{"line":928,"column":12}},"loc":{"start":{"line":928,"column":31},"end":{"line":933,"column":5}},"line":928},"190":{"name":"(anonymous_190)","decl":{"start":{"line":935,"column":69},"end":{"line":935,"column":70}},"loc":{"start":{"line":935,"column":85},"end":{"line":946,"column":3}},"line":935},"191":{"name":"(anonymous_191)","decl":{"start":{"line":940,"column":11},"end":{"line":940,"column":12}},"loc":{"start":{"line":940,"column":31},"end":{"line":945,"column":5}},"line":940},"192":{"name":"(anonymous_192)","decl":{"start":{"line":948,"column":37},"end":{"line":948,"column":38}},"loc":{"start":{"line":948,"column":49},"end":{"line":986,"column":1}},"line":948},"193":{"name":"(anonymous_193)","decl":{"start":{"line":949,"column":56},"end":{"line":949,"column":57}},"loc":{"start":{"line":949,"column":72},"end":{"line":956,"column":3}},"line":949},"194":{"name":"(anonymous_194)","decl":{"start":{"line":950,"column":113},"end":{"line":950,"column":114}},"loc":{"start":{"line":950,"column":133},"end":{"line":955,"column":5}},"line":950},"195":{"name":"(anonymous_195)","decl":{"start":{"line":957,"column":82},"end":{"line":957,"column":83}},"loc":{"start":{"line":957,"column":98},"end":{"line":968,"column":3}},"line":957},"196":{"name":"(anonymous_196)","decl":{"start":{"line":958,"column":137},"end":{"line":958,"column":138}},"loc":{"start":{"line":958,"column":157},"end":{"line":967,"column":5}},"line":958},"197":{"name":"(anon
[...]
mn":63}}],"line":108},"20":{"loc":{"start":{"line":110,"column":32},"end":{"line":110,"column":81}},"type":"binary-expr","locations":[{"start":{"line":110,"column":32},"end":{"line":110,"column":55}},{"start":{"line":110,"column":59},"end":{"line":110,"column":81}}],"line":110},"21":{"loc":{"start":{"line":137,"column":10},"end":{"line":147,"column":11}},"type":"if","locations":[{"start":{"line":137,"column":10},"end":{"line":147,"column":11}},{"start":{"line":137,"column":10},"end":{"line":147,"column":11}}],"line":137},"22":{"loc":{"start":{"line":137,"column":14},"end":{"line":137,"column":104}},"type":"binary-expr","locations":[{"start":{"line":137,"column":15},"end":{"line":137,"column":30}},{"start":{"line":137,"column":34},"end":{"line":137,"column":48}},{"start":{"line":137,"column":53},"end":{"line":137,"column":77}},{"start":{"line":137,"column":81},"end":{"line":137,"column":104}}],"line":137},"23":{"loc":{"start":{"line":138,"column":24},"end":{"line":138,"column":57}},"type":"binary-expr","locations":[{"start":{"line":138,"column":24},"end":{"line":138,"column":39}},{"start":{"line":138,"column":43},"end":{"line":138,"column":57}}],"line":138},"24":{"loc":{"start":{"line":149,"column":10},"end":{"line":154,"column":11}},"type":"if","locations":[{"start":{"line":149,"column":10},"end":{"line":154,"column":11}},{"start":{"line":149,"column":10},"end":{"line":154,"column":11}}],"line":149},"25":{"loc":{"start":{"line":149,"column":14},"end":{"line":149,"column":145}},"type":"binary-expr","locations":[{"start":{"line":149,"column":15},"end":{"line":149,"column":31}},{"start":{"line":149,"column":35},"end":{"line":149,"column":50}},{"start":{"line":149,"column":55},"end":{"line":149,"column":79}},{"start":{"line":149,"column":83},"end":{"line":149,"column":106}},{"start":{"line":149,"column":110},"end":{"line":149,"column":126}},{"start":{"line":149,"column":130},"end":{"line":149,"column":145}}],"line":149},"26":{"loc":{"start":{"line":150,"column":25},"end":{"line":150,"column":60}},"type":"binary-expr","locations":[{"start":{"line":150,"column":25},"end":{"line":150,"column":41}},{"start":{"line":150,"column":45},"end":{"line":150,"column":60}}],"line":150},"27":{"loc":{"start":{"line":161,"column":8},"end":{"line":168,"column":9}},"type":"if","locations":[{"start":{"line":161,"column":8},"end":{"line":168,"column":9}},{"start":{"line":161,"column":8},"end":{"line":168,"column":9}}],"line":161},"28":{"loc":{"start":{"line":170,"column":8},"end":{"line":177,"column":9}},"type":"if","locations":[{"start":{"line":170,"column":8},"end":{"line":177,"column":9}},{"start":{"line":170,"column":8},"end":{"line":177,"column":9}}],"line":170},"29":{"loc":{"start":{"line":200,"column":8},"end":{"line":207,"column":9}},"type":"if","locations":[{"start":{"line":200,"column":8},"end":{"line":207,"column":9}},{"start":{"line":200,"column":8},"end":{"line":207,"column":9}}],"line":200},"30":{"loc":{"start":{"line":200,"column":12},"end":{"line":200,"column":59}},"type":"binary-expr","locations":[{"start":{"line":200,"column":12},"end":{"line":200,"column":28}},{"start":{"line":200,"column":32},"end":{"line":200,"column":59}}],"line":200}},"s":{"0":1,"1":1,"2":1,"3":1,"4":1,"5":1,"6":3,"7":0,"8":0,"9":1,"10":1,"11":3,"12":3,"13":3,"14":3,"15":3,"16":3,"17":1,"18":0,"19":1,"20":1,"21":1,"22":1,"23":0,"24":1,"25":5,"26":5,"27":5,"28":5,"29":5,"30":5,"31":5,"32":5,"33":5,"34":25,"35":4,"36":5,"37":1,"38":4,"39":2,"40":1,"41":1,"42":3,"43":2,"44":1,"45":2,"46":2,"47":2,"48":2,"49":2,"50":9,"51":9,"52":9,"53":7,"54":2,"55":2,"56":7,"57":3,"58":3,"59":3,"60":7,"61":2,"62":2,"63":2,"64":12,"65":9,"66":2,"67":7,"68":5,"69":2,"70":3,"71":3,"72":3,"73":3,"74":2,"75":1,"76":1,"77":1},"f":{"0":3,"1":0,"2":1,"3":1,"4":1,"5":0,"6":5,"7":25,"8":9,"9":12,"10":3},"b":{"0":[3,0],"1":[3,3],"2":[0,0],"3":[3,3],"4":[3,0],"5":[0,1],"6":[1,0],"7":[4,21],"8":[1,4],"9":[2,2],"10":[1,1],"11":[2,2],"12":[2,1],"13":[1,1],"14":[2,1],"15":[1,1],"16":[7,2],"17":[9,7,7,4,4,2],"18":[2,5],"19":[7,5],"20":[2,0],"21":[3,4],"22":[7,4,3,3],"23":[3,0],"24":[2,5],"25":[7,5,2,2,2,2],"26":[2,0],"27":[2,7],"28":[5,2],"29":[2,1],"30":[3,3]},"_coverageSchema":"43e27e138ebf9cfc5966b082cf9a028302ed4184","hash":"94e3d84b8179c2659734df84209b5540d6ad842e","contentHash":"82fb7a8d1936f3246f059ec9b7c88b0b6dcd721369c32d7e4e8a25b4f69c1747"},"C:\\Users\\USER\\Andela_homework\\conquext.github.io\\bankaapi\\helpers\\transactionHelper.js":{"path":"C:\\Users\\USER\\Andela_homework\\conquext.github.io\\bankaapi\\helpers\\transactionHelper.js","statementMap":{"0":{"start":{"line":3,"column":0},"end":{"line":5,"column":3}},"1":{"start":{"line":6,"column":0},"end":{"line":6,"column":28}},"2":{"start":{"line":8,"column":14},"end":{"line":8,"column":55}},"3":{"start":{"line":10,"column":10},"end":{"line":10,"column":29}},"4":{"start":{"line":12,"column":39},"end":{"line":12,"column":95}},"5":{"start":{"line":14,"column":50},"end":{"line":14,"column":151}},"6":{"start":{"line":14,"column":92},"end":{"line":14,"column":149}},"7":{"start":{"line":16,"column":44},"end":{"line":16,"column":315}},"8":{"start":{"line":16,"column":57},"end":{"line":16,"column":58}},"9":{"start":{"line":16,"column":102},"end":{"line":16,"column":110}},"10":{"start":{"line":16,"column":112},"end":{"line":16,"column":167}},"11":{"start":{"line":16,"column":168},"end":{"line":16,"column":199}},"12":{"start":{"line":16,"column":200},"end":{"line":16,"column":254}},"13":{"start":{"line":16,"column":227},"end":{"line":16,"column":254}},"14":{"start":{"line":16,"column":255},"end":{"line":16,"column":313}},"15":{"start":{"line":18,"column":62},"end":{"line":18,"column":131}},"16":{"start":{"line":18,"column":78},"end":{"line":18,"column":131}},"17":{"start":{"line":18,"column":132},"end":{"line":18,"column":193}},"18":{"start":{"line":18,"column":149},"end":{"line":18,"column":193}},"19":{"start":{"line":18,"column":194},"end":{"line":18,"column":213}},"20":{"start":{"line":22,"column":0},"end":{"line":81,"column":3}},"21":{"start":{"line":24,"column":4},"end":{"line":24,"column":45}},"22":{"start":{"line":27,"column":2},"end":{"line":78,"column":6}},"23":{"start":{"line":30,"column":29},"end":{"line":30,"column":31}},"24":{"start":{"line":31,"column":38},"end":{"line":31,"column":42}},"25":{"start":{"line":32,"column":30},"end":{"line":32,"column":35}},"26":{"start":{"line":33,"column":27},"end":{"line":33,"column":36}},"27":{"start":{"line":35,"column":6},"end":{"line":59,"column":7}},"28":{"start":{"line":36,"column":8},"end":{"line":45,"column":9}},"29":{"start":{"line":36,"column":29},"end":{"line":36,"column":64}},"30":{"start":{"line":37,"column":28},"end":{"line":37,"column":39}},"31":{"start":{"line":39,"column":10},"end":{"line":44,"column":11}},"32":{"start":{"line":43,"column":12},"end":{"line":43,"column":47}},"33":{"start":{"line":47,"column":8},"end":{"line":47,"column":33}},"34":{"start":{"line":48,"column":8},"end":{"line":48,"column":29}},"35":{"start":{"line":50,"column":8},"end":{"line":58,"column":9}},"36":{"start":{"line":51,"column":10},"end":{"line":53,"column":11}},"37":{"start":{"line":52,"column":12},"end":{"line":52,"column":34}},"38":{"start":{"line":55,"column":10},"end":{"line":57,"column":11}},"39":{"start":{"line":56,"column":12},"end":{"line":56,"column":33}},"40":{"start":{"line":61,"column":6},"end":{"line":61,"column":30}},"41":{"start":{"line":66,"column":6},"end":{"line":66,"column":66}},"42":{"start":{"line":71,"column":6},"end":{"line":71,"column":59}},"43":{"start":{"line":76,"column":6},"end":{"line":76,"column":66}},"44":{"start":{"line":80,"column":2},"end":{"line":80,"column":27}},"45":{"start":{"line":83,"column":0},"end":{"line":83,"column":39}}},"fnMap":{"0":{"name":"_interopRequireDefault","decl":{"start":{"line":12,"column":9},"end":{"line":12,"column":31}},"loc":{"start":{"line":12,"column":37},"end":{"line":12,"column":97}},"line":12},"1":{"name":"_classCallCheck","decl":{"start":{"line":14,"column":9},"end":{"line":14,"column":24}},"loc":{"start":{"line":14,"column":48},"end":{"line":14,"column":153}},"line":14},"2":{"name":"_defineProperties","decl":{"start":{"line":16,"column":9},"end":{"line":16,"column":26}},"loc":{"start":{"line":16,"column":42},"end":{"line":16,"column":317}},"line":16},"3":{"name":"_createClass","decl":{"start":{"line":18,"column":9},"end":{"line":18,"column":21}},"loc":{"start":{"line":18,"column":60},"end":{"line":18,"column":215}},"line":18},"4":{"name":"(anonymous_4)","decl":{"start":{"line":22,"column":0},"end":{"line":22,"column":1}},"loc":{"start":{"line":22,"column":12},"end":{"line":81,"column":1}},"line":22},"5":{"name":"TransactionHelper","decl":{"start":{"line":23,"column":11},"end":{"line":23,"column":28}},"loc":{"start":{"line":23,"column":31},"end":{"line":25,"column":3}},"line":23},"6":{"name":"findTransaction","decl":{"start":{"line":29,"column":20},"end":{"line":29,"column":35}},"loc":{"start":{"line":29,"column":50},"end":{"line":62,"column":5}},"line":29},"7":{"name":"findTransactionById","decl":{"start":{"line":65,"column":20},"end":{"line":65,"column":39}},"loc":{"start":{"line":65,"column":55},"end":{"line":67,"column":5}},"line":65},"8":{"name":"findTransactionByUserId","decl":{"start":{"line":70,"column":20},"end":{"line":70,"column":43}},"loc":{"start":{"line":70,"column":52},"end":{"line":72,"column":5}},"line":70},"9":{"name":"findTransactionByAccountNumber","decl":{"start":{"line":75,"column":20},"end":{"line":75,"column":50}},"loc":{"start":{"line":75,"column":66},"end":{"line":77,"column":5}},"line":75}},"branchMap":{"0":{"loc":{"start":{"line":12,"column":46},"end":{"line":12,"column":94}},"type":"cond-expr","locations":[{"start":{"line":12,"column":70},"end":{"line":12,"column":73}},{"start":{"line":12,"column":76},"end":{"line":12,"column":94}}],"line":12},"1":{"loc":{"start":{"line":12,"column":46},"end":{"line":12,"column":67}},"type":"binary-expr","locations":[{"start":{"line":12,"column":46},"end":{"line":12,"column":49}},{"start":{"line":12,"column":53},"end":{"line":12,"column":67}}],"line":12},"2":{"loc":{"start":{"line":14,"column":50},"end":{"line":14,"column":151}},"type":"if","locations":[{"start":{"line":14,"column":50},"end":{"line":14,"column":151}},{"start":{"line":14,"column":50},"end":{"line":14,"column":151}}],"line":14},"3":{"loc":{"start":{"line":16,"column":136},"end":{"line":16,"column":166}},"type":"binary-expr","locations":[{"start":{"line":16,"column":136},"end":{"line":16,"column":157}},{"start":{"line":16,"column":161},"end":{"line":16,"column":166}}],"line":16},"4":{"loc":{"start":{"line":16,"column":200},"end":{"line":16,"column":254}},"type":"if","locations":[{"start":{"line":16,"column":200},"end":{"line":16,"column":254}},{"start":{"line":16,"column":200},"end":{"line":16,"column":254}}],"line":16},"5":{"loc":{"start":{"line":18,"column":62},"end":{"line":18,"column":131}},"type":"if","locations":[{"start":{"line":18,"column":62},"end":{"line":18,"column":131}},{"start":{"line":18,"column":62},"end":{"line":18,"column":131}}],"line":18},"6":{"loc":{"start":{"line":18,"column":132},"end":{"line":18,"column":193}},"type":"if","locations":[{"start":{"line":18,"column":132},"end":{"line":18,"column":193}},{"start":{"line":18,"column":132},"end":{"line":18,"column":193}}],"line":18},"7":{"loc":{"start":{"line":39,"column":10},"end":{"line":44,"column":11}},"type":"if","locations":[{"start":{"line":39,"column":10},"end":{"line":44,"column":11}},{"start":{"line":39,"column":10},"end":{"line":44,"column":11}}],"line":39},"8":{"loc":{"start":{"line":51,"column":10},"end":{"line":53,"column":11}},"type":"if","locations":[{"start":{"line":51,"column":10},"end":{"line":53,"column":11}},{"start":{"line":51,"column":10},"end":{"line":53,"column":11}}],"line":51},"9":{"loc":{"start":{"line":51,"column":14},"end":{"line":51,"column":71}},"type":"binary-expr","locations":[{"start":{"line":51,"column":14},"end":{"line":51,"column":40}},{"start":{"line":51,"column":44},"end":{"line":51,"column":71}}],"line":51},"10":{"loc":{"start":{"line":55,"column":10},"end":{"line":57,"column":11}},"type":"if","locations":[{"start":{"line":55,"column":10},"end":{"line":57,"column":11}},{"start":{"line":55,"column":10},"end":{"line":57,"column":11}}],"line":55}},"s":{"0":1,"1":1,"2":1,"3":1,"4":1,"5":0,"6":0,"7":1,"8":1,"9":4,"10":4,"11":4,"12":4,"13":4,"14":4,"15":1,"16":0,"17":1,"18":1,"19":1,"20":1,"21":0,"22":1,"23":10,"24":10,"25":10,"26":10,"27":10,"28":10,"29":10,"30":60,"31":60,"32":12,"33":0,"34":0,"35":10,"36":10,"37":0,"38":10,"39":0,"40":10,"41":3,"42":5,"43":2,"44":1,"45":1},"f":{"0":1,"1":0,"2":1,"3":1,"4":1,"5":0,"6":10,"7":3,"8":5,"9":2},"b":{"0":[0,1],"1":[1,1],"2":[0,0],"3":[4,4],"4":[4,0],"5":[0,1],"6":[1,0],"7":[12,48],"8":[0,10],"9":[10,0],"10":[0,10]},"_coverageSchema":"43e27e138ebf9cfc5966b082cf9a028302ed4184","hash":"7aec17a45542ca6c62ba3736de5405b153470154","contentHash":"b7639f14a96c5fb4bf97d82405b3211682a52ae84fdee3cab6eb18c8c783eb8b"},"C:\\Users\\USER\\Andela_homework\\conquext.github.io\\bankaapi\\models\\transaction.js":{"path":"C:\\Users\\USER\\Andela_homework\\conquext.github.io\\bankaapi\\models\\transaction.js","statementMap":{"0":{"start":{"line":3,"column":0},"end":{"line":5,"column":3}},"1":{"start":{"line":6,"column":0},"end":{"line":6,"column":28}},"2":{"start":{"line":8,"column":50},"end":{"line":8,"column":151}},"3":{"start":{"line":8,"column":92},"end":{"line":8,"column":149}},"4":{"start":{"line":10,"column":18},"end":{"line":25,"column":1}},"5":{"start":{"line":11,"column":15},"end":{"line":11,"column":84}},"6":{"start":{"line":12,"column":13},"end":{"line":12,"column":60}},"7":{"start":{"line":13,"column":16},"end":{"line":13,"column":63}},"8":{"start":{"line":15,"column":2},"end":{"line":15,"column":37}},"9":{"start":{"line":17,"column":2},"end":{"line":17,"column":37}},"10":{"start":{"line":18,"column":2},"end":{"line":18,"column":37}},"11":{"start":{"line":19,"column":2},"end":{"line":19,"column":23}},"12":{"start":{"line":20,"column":2},"end":{"line":20,"column":19}},"13":{"start":{"line":21,"column":2},"end":{"line":21,"column":31}},"14":{"start":{"line":22,"column":2},"end":{"line":22,"column":23}},"15":{"start":{"line":23,"column":2},"end":{"line":23,"column":23}},"16":{"start":{"line":24,"column":2},"end":{"line":24,"column":47}},"17":{"start":{"line":44,"column":15},"end":{"line":44,"column":26}},"18":{"start":{"line":45,"column":0},"end":{"line":45,"column":30}}},"fnMap":{"0":{"name":"_classCallCheck","decl":{"start":{"line":8,"column":9},"end":{"line":8,"column":24}},"loc":{"start":{"line":8,"column":48},"end":{"line":8,"column":153}},"line":8},"1":{"name":"Transaction","decl":{"start":{"line":10,"column":27},"end":{"line":10,"column":38}},"loc":{"start":{"line":10,"column":69},"end":{"line":25,"column":1}},"line":10}},"branchMap":{"0":{"loc":{"start":{"line":8,"column":50},"end":{"line":8,"column":151}},"type":"if","locations":[{"start":{"line":8,"column":50},"end":{"line":8,"column":151}},{"start":{"line":8,"column":50},"end":{"line":8,"column":151}}],"line":8},"1":{"loc":{"start":{"line":11,"column":15},"end":{"line":11,"column":84}},"type":"cond-expr","locations":[{"start":{"line":11,"column":68},"end":{"line":11,"column":80}},{"start":{"line":11,"column":83},"end":{"line":11,"column":84}}],"line":11},"2":{"loc":{"start":{"line":11,"column":15},"end":{"line":11,"column":65}},"type":"binary-expr","locations":[{"start":{"line":11,"column":15},"end":{"line":11,"column":35}},{"start":{"line":11,"column":39},"end":{"line":11,"column":65}}],"line":11},"3":{"loc":{"start":{"line":12,"column":13},"end":{"line":12,"column":60}},"type":"cond-expr","locations":[{"start":{"line":12,"column":36},"end":{"line":12,"column":48}},{"start":{"line":12,"column":51},"end":{"line":12,"column":60}}],"line":12},"4":{"loc":{"start":{"line":13,"column":16},"end":{"line":13,"column":63}},"type":"cond-expr","locations":[{"start":{"line":13,"column":39},"end":{"line":13,"column":51}},{"start":{"line":13,"column":54},"end":{"line":13,"column":63}}],"line":13},"5":{"loc":{"start":{"line":21,"column":17},"end":{"line":21,"column":30}},"type":"binary-expr","locations":[{"start":{"line":21,"column":17},"end":{"line":21,"column":24}},{"start":{"line":21,"column":28},"end":{"line":21,"column":30}}],"line":21}},"s":{"0":1,"1":1,"2":5,"3":0,"4":1,"5":5,"6":5,"7":5,"8":5,"9":5,"10":5,"11":5,"12":5,"13":5,"14":5,"15":5,"16":5,"17":1,"18":1},"f":{"0":5,"1":5},"b":{"0":[0,5],"1":[5,0],"2":[5,5],"3":[5,0],"4":[0,5],"5":[5,5]},"_coverageSchema":"43e27e138ebf9cfc5966b082cf9a028302ed4184","hash":"9722df993169066d1242813adfea013ccae665bf","contentHash":"5809c28c19516b77fc1b95d5f9f91494bb5d5c9555f299c83a0934a4ea149779"},"C:\\Users\\USER\\Andela_homework\\conquext.github.io\\bankaapi\\routes\\userRouter.js":{"path":"C:\\Users\\USER\\Andela_homework\\conquext.github.io\\bankaapi\\routes\\userRouter.js","statementMap":{"0":{"start":{"line":3,"column":0},"end":{"line":5,"column":3}},"1":{"start":{"line":6,"column":0},"end":{"line":6,"column":28}},"2":{"start":{"line":8,"column":15},"end":{"line":8,"column":33}},"3":{"start":{"line":10,"column":22},"end":{"line":10,"column":86}},"4":{"start":{"line":12,"column":29},"end":{"line":12,"column":100}},"5":{"start":{"line":14,"column":22},"end":{"line":14,"column":86}},"6":{"start":{"line":16,"column":26},"end":{"line":16,"column":94}},"7":{"start":{"line":18,"column":39},"end":{"line":18,"column":95}},"8":{"start":{"line":20,"column":13},"end":{"line":20,"column":35}},"9":{"start":{"line":21,"column":18},"end":{"line":21,"column":56}},"10":{"start":{"line":22,"column":14},"end":{"line":22,"column":48}},"11":{"start":{"line":23,"column":17},"end":{"line":23,"column":54}},"12":{"start":{"line":24,"column":17},"end":{"line":24,"column":54}},"13":{"start":{"line":25,"column":18},"end":{"line":25,"column":56}},"14":{"start":{"line":26,"column":16},"end":{"line":26,"column":59}},"15":{"start":{"line":27,"column":16},"end":{"line":27,"column":59}},"16":{"start":{"line":28,"column":25},"end":{"line":28,"column":77}},"17":{"start":{"line":29,"column":25},"end":{"line":29,"column":77}},"18":{"start":{"line":30,"column":23},"end":{"line":30,"column":66}},"19":{"start":{"line":31,"column":25},"end":{"line":31,"column":74}},"20":{"start":{"line":32,"column":0},"end":{"line":32,"column":29}},"21":{"start":{"line":33,"column":0},"end":{"line":33,"column":40}},"22":{"start":{"line":34,"column":0},"end":{"line":34,"column":52}},"23":{"start":{"line":35,"column":0},"end":{"line":35,"column":75}},"24":{"start":{"line":36,"column":0},"end":{"line":36,"column":49}},"25":{"start":{"line":37,"column":0},"end":{"line":37,"column":52}},"26":{"start":{"line":38,"column":15},"end":{"line":38,"column":21}},"27":{"start":{"line":39,"column":0},"end":{"line":39,"column":30}}},"fnMap":{"0":{"name":"_interopRequireDefault","decl":{"start":{"line":18,"column":9},"end":{"line":18,"column":31}},"loc":{"start":{"line":18,"column":37},"end":{"line":18,"column":97}},"line":18}},"branchMap":{"0":{"loc":{"start":{"line":18,"column":46},"end":{"line":18,"column":94}},"type":"cond-expr","locations":[{"start":{"line":18,"column":70},"end":{"line":18,"column":73}},{"start":{"line":18,"column":76},"end":{"line":18,"column":94}}],"line":18},"1":{"loc":{"start":{"line":18,"column":46},"end":{"line":18,"column":67}},"type":"binary-expr","locations":[{"start":{"line":18,"column":46},"end":{"line":18,"column":49}},{"start":{"line":18,"column":53},"end":{"line":18,"column":67}}],"line":18}},"s":{"0":1,"1":1,"2":1,"3":1,"4":1,"5":1,"6":1,"7":4,"8":1,"9":1,"10":1,"11":1,"12":1,"13":1,"14":1,"15":1,"16":1,"17":1,"18":1,"19":1,"20":1,"21":1,"22":1,"23":1,"24":1,"25":1,"26":1,"27":1},"f":{"0":4},"b":{"0":[4,0],"1":[4,4]},"_coverageSchema":"43e27e138ebf9cfc5966b082cf9a028302ed4184","hash":"7e8e257a38dcac98b878d5c7a1043c62b49c93c7","contentHash":"01aa3410a54105a1d38cb2f23942a7bdf5b8f6eb45ef885228fc8eb21e4da2cf"}}